{"meta": {"format": 3, "version": "7.13.5", "timestamp": "2026-04-22T12:21:31.564840", "branch_coverage": false, "show_contexts": false}, "files": {"implement/feature-10-langgraph/03-implement/ml_langgraph/__init__.py": {"executed_lines": [7, 8, 9, 10, 11, 12, 13, 14, 22, 24], "summary": {"covered_lines": 10, "num_statements": 10, "percent_covered": 100.0, "percent_covered_display": "100", "missing_lines": 0, "excluded_lines": 0, "percent_statements_covered": 100.0, "percent_statements_covered_display": "100"}, "missing_lines": [], "excluded_lines": [], "functions": {"": {"executed_lines": [7, 8, 9, 10, 11, 12, 13, 14, 22, 24], "summary": {"covered_lines": 10, "num_statements": 10, "percent_covered": 100.0, "percent_covered_display": "100", "missing_lines": 0, "excluded_lines": 0, "percent_statements_covered": 100.0, "percent_statements_covered_display": "100"}, "missing_lines": [], "excluded_lines": [], "start_line": 1}}, "classes": {"": {"executed_lines": [7, 8, 9, 10, 11, 12, 13, 14, 22, 24], "summary": {"covered_lines": 10, "num_statements": 10, "percent_covered": 100.0, "percent_covered_display": "100", "missing_lines": 0, "excluded_lines": 0, "percent_statements_covered": 100.0, "percent_statements_covered_display": "100"}, "missing_lines": [], "excluded_lines": [], "start_line": 1}}}, "implement/feature-10-langgraph/03-implement/ml_langgraph/builder.py": {"executed_lines": [7, 9, 10, 11, 23, 24, 25, 26, 31, 32, 37, 50, 51, 54, 55, 56, 58, 59, 60, 61, 62, 64, 65, 66, 73, 74, 77, 78, 80, 81, 83, 84, 85, 88, 89, 92, 93, 94, 95, 97, 98, 104, 105, 110, 123, 126, 128, 129, 130, 131, 132, 135, 138, 140, 141, 142, 143, 144, 145, 153, 178, 192, 193, 194, 197, 198, 199, 200, 201, 207, 227, 228, 233, 234, 235, 237, 250, 251, 252, 258, 273, 274, 276, 277, 278, 280, 305, 308, 309, 311, 312, 314, 320, 321, 323, 333, 334, 335, 341, 343, 344, 349, 358, 359, 362, 363, 366, 373, 383, 384, 385, 395, 397, 400, 401, 403, 404, 406, 411, 421, 427, 435, 438, 439, 442, 446, 462, 463, 466, 468, 470, 473, 475, 478, 482, 483, 484, 490, 507, 510, 513, 516, 520, 522, 524, 526, 527, 528, 530, 531, 532, 533, 541, 552, 567, 569, 570, 592, 593, 598, 599, 600, 605, 606, 609, 610, 611, 612, 618, 625, 626, 629, 647, 650, 656, 657, 659, 661, 662, 664, 666, 667, 675, 676, 684], "summary": {"covered_lines": 185, "num_statements": 252, "percent_covered": 73.41269841269842, "percent_covered_display": "73", "missing_lines": 67, "excluded_lines": 0, "percent_statements_covered": 73.41269841269842, "percent_statements_covered_display": "73"}, "missing_lines": [27, 28, 33, 34, 367, 368, 369, 370, 374, 375, 376, 377, 378, 379, 380, 387, 389, 398, 407, 408, 409, 412, 413, 414, 415, 416, 417, 418, 419, 443, 447, 448, 455, 476, 479, 521, 523, 525, 534, 535, 594, 595, 630, 631, 632, 633, 639, 648, 669, 691, 693, 694, 695, 697, 698, 699, 700, 702, 703, 704, 705, 706, 707, 708, 710, 711, 713], "excluded_lines": [], "functions": {"NodeItem.to_dict": {"executed_lines": [59, 60, 61, 62], "summary": {"covered_lines": 4, "num_statements": 4, "percent_covered": 100.0, "percent_covered_display": "100", "missing_lines": 0, "excluded_lines": 0, "percent_statements_covered": 100.0, "percent_statements_covered_display": "100"}, "missing_lines": [], "excluded_lines": [], "start_line": 58}, "NodeItem.from_dict": {"executed_lines": [66], "summary": {"covered_lines": 1, "num_statements": 1, "percent_covered": 100.0, "percent_covered_display": "100", "missing_lines": 0, "excluded_lines": 0, "percent_statements_covered": 100.0, "percent_statements_covered_display": "100"}, "missing_lines": [], "excluded_lines": [], "start_line": 65}, "EdgeItem.to_dict": {"executed_lines": [81], "summary": {"covered_lines": 1, "num_statements": 1, "percent_covered": 100.0, "percent_covered_display": "100", "missing_lines": 0, "excluded_lines": 0, "percent_statements_covered": 100.0, "percent_statements_covered_display": "100"}, "missing_lines": [], "excluded_lines": [], "start_line": 80}, "EdgeItem.from_dict": {"executed_lines": [85], "summary": {"covered_lines": 1, "num_statements": 1, "percent_covered": 100.0, "percent_covered_display": "100", "missing_lines": 0, "excluded_lines": 0, "percent_statements_covered": 100.0, "percent_statements_covered_display": "100"}, "missing_lines": [], "excluded_lines": [], "start_line": 84}, "ConditionalEdgeItem.to_dict": {"executed_lines": [98], "summary": {"covered_lines": 1, "num_statements": 1, "percent_covered": 100.0, "percent_covered_display": "100", "missing_lines": 0, "excluded_lines": 0, "percent_statements_covered": 100.0, "percent_statements_covered_display": "100"}, "missing_lines": [], "excluded_lines": [], "start_line": 97}, "ConditionalEdgeItem.from_dict": {"executed_lines": [110], "summary": {"covered_lines": 1, "num_statements": 1, "percent_covered": 100.0, "percent_covered_display": "100", "missing_lines": 0, "excluded_lines": 0, "percent_statements_covered": 100.0, "percent_statements_covered_display": "100"}, "missing_lines": [], "excluded_lines": [], "start_line": 105}, "GraphBuilder.__init__": {"executed_lines": [192, 193, 194, 197, 198, 199, 200, 201], "summary": {"covered_lines": 8, "num_statements": 8, "percent_covered": 100.0, "percent_covered_display": "100", "missing_lines": 0, "excluded_lines": 0, "percent_statements_covered": 100.0, "percent_statements_covered_display": "100"}, "missing_lines": [], "excluded_lines": [], "start_line": 178}, "GraphBuilder.add_node": {"executed_lines": [227, 228, 233, 234, 235], "summary": {"covered_lines": 5, "num_statements": 5, "percent_covered": 100.0, "percent_covered_display": "100", "missing_lines": 0, "excluded_lines": 0, "percent_statements_covered": 100.0, "percent_statements_covered_display": "100"}, "missing_lines": [], "excluded_lines": [], "start_line": 207}, "GraphBuilder.add_nodes": {"executed_lines": [250, 251, 252], "summary": {"covered_lines": 3, "num_statements": 3, "percent_covered": 100.0, "percent_covered_display": "100", "missing_lines": 0, "excluded_lines": 0, "percent_statements_covered": 100.0, "percent_statements_covered_display": "100"}, "missing_lines": [], "excluded_lines": [], "start_line": 237}, "GraphBuilder.add_edge": {"executed_lines": [273, 274, 276, 277, 278], "summary": {"covered_lines": 5, "num_statements": 5, "percent_covered": 100.0, "percent_covered_display": "100", "missing_lines": 0, "excluded_lines": 0, "percent_statements_covered": 100.0, "percent_statements_covered_display": "100"}, "missing_lines": [], "excluded_lines": [], "start_line": 258}, "GraphBuilder.add_conditional_edges": {"executed_lines": [305, 308, 309, 311, 312, 314, 320, 321], "summary": {"covered_lines": 8, "num_statements": 8, "percent_covered": 100.0, "percent_covered_display": "100", "missing_lines": 0, "excluded_lines": 0, "percent_statements_covered": 100.0, "percent_statements_covered_display": "100"}, "missing_lines": [], "excluded_lines": [], "start_line": 280}, "GraphBuilder.set_entry_point": {"executed_lines": [333, 334, 335], "summary": {"covered_lines": 3, "num_statements": 3, "percent_covered": 100.0, "percent_covered_display": "100", "missing_lines": 0, "excluded_lines": 0, "percent_statements_covered": 100.0, "percent_statements_covered_display": "100"}, "missing_lines": [], "excluded_lines": [], "start_line": 323}, "GraphBuilder._validate_node_exists": {"executed_lines": [343, 344], "summary": {"covered_lines": 2, "num_statements": 2, "percent_covered": 100.0, "percent_covered_display": "100", "missing_lines": 0, "excluded_lines": 0, "percent_statements_covered": 100.0, "percent_statements_covered_display": "100"}, "missing_lines": [], "excluded_lines": [], "start_line": 341}, "GraphBuilder._validate_graph_integrity": {"executed_lines": [358, 359, 362, 363, 366, 373, 383, 384, 385], "summary": {"covered_lines": 9, "num_statements": 22, "percent_covered": 40.90909090909091, "percent_covered_display": "41", "missing_lines": 13, "excluded_lines": 0, "percent_statements_covered": 40.90909090909091, "percent_statements_covered_display": "41"}, "missing_lines": [367, 368, 369, 370, 374, 375, 376, 377, 378, 379, 380, 387, 389], "excluded_lines": [], "start_line": 349}, "GraphBuilder._get_connected_nodes": {"executed_lines": [397, 400, 401, 403, 404, 406, 411, 421], "summary": {"covered_lines": 8, "num_statements": 20, "percent_covered": 40.0, "percent_covered_display": "40", "missing_lines": 12, "excluded_lines": 0, "percent_statements_covered": 40.0, "percent_statements_covered_display": "40"}, "missing_lines": [398, 407, 408, 409, 412, 413, 414, 415, 416, 417, 418, 419], "excluded_lines": [], "start_line": 395}, "GraphBuilder._build_langgraph_stategraph": {"executed_lines": [435, 438, 439, 442, 446, 462, 463, 466, 468], "summary": {"covered_lines": 9, "num_statements": 13, "percent_covered": 69.23076923076923, "percent_covered_display": "69", "missing_lines": 4, "excluded_lines": 0, "percent_statements_covered": 69.23076923076923, "percent_statements_covered_display": "69"}, "missing_lines": [443, 447, 448, 455], "excluded_lines": [], "start_line": 427}, "GraphBuilder._add_finish_point": {"executed_lines": [473, 475, 478, 482, 483, 484], "summary": {"covered_lines": 6, "num_statements": 8, "percent_covered": 75.0, "percent_covered_display": "75", "missing_lines": 2, "excluded_lines": 0, "percent_statements_covered": 75.0, "percent_statements_covered_display": "75"}, "missing_lines": [476, 479], "excluded_lines": [], "start_line": 470}, "GraphBuilder.compile": {"executed_lines": [507, 510, 513, 516, 520, 522, 524, 526, 527, 528, 530, 531, 532, 533], "summary": {"covered_lines": 14, "num_statements": 19, "percent_covered": 73.6842105263158, "percent_covered_display": "74", "missing_lines": 5, "excluded_lines": 0, "percent_statements_covered": 73.6842105263158, "percent_statements_covered_display": "74"}, "missing_lines": [521, 523, 525, 534, 535], "excluded_lines": [], "start_line": 490}, "GraphBuilder.to_json": {"executed_lines": [552, 567], "summary": {"covered_lines": 2, "num_statements": 2, "percent_covered": 100.0, "percent_covered_display": "100", "missing_lines": 0, "excluded_lines": 0, "percent_statements_covered": 100.0, "percent_statements_covered_display": "100"}, "missing_lines": [], "excluded_lines": [], "start_line": 541}, "GraphBuilder.from_json": {"executed_lines": [592, 593, 598, 599, 600, 605, 606, 609, 610, 611, 612, 618, 625, 626, 629, 647, 650], "summary": {"covered_lines": 17, "num_statements": 25, "percent_covered": 68.0, "percent_covered_display": "68", "missing_lines": 8, "excluded_lines": 0, "percent_statements_covered": 68.0, "percent_statements_covered_display": "68"}, "missing_lines": [594, 595, 630, 631, 632, 633, 639, 648], "excluded_lines": [], "start_line": 570}, "GraphBuilder.name": {"executed_lines": [659], "summary": {"covered_lines": 1, "num_statements": 1, "percent_covered": 100.0, "percent_covered_display": "100", "missing_lines": 0, "excluded_lines": 0, "percent_statements_covered": 100.0, "percent_statements_covered_display": "100"}, "missing_lines": [], "excluded_lines": [], "start_line": 657}, "GraphBuilder.node_names": {"executed_lines": [664], "summary": {"covered_lines": 1, "num_statements": 1, "percent_covered": 100.0, "percent_covered_display": "100", "missing_lines": 0, "excluded_lines": 0, "percent_statements_covered": 100.0, "percent_statements_covered_display": "100"}, "missing_lines": [], "excluded_lines": [], "start_line": 662}, "GraphBuilder.compiled": {"executed_lines": [], "summary": {"covered_lines": 0, "num_statements": 1, "percent_covered": 0.0, "percent_covered_display": "0", "missing_lines": 1, "excluded_lines": 0, "percent_statements_covered": 0.0, "percent_statements_covered_display": "0"}, "missing_lines": [669], "excluded_lines": [], "start_line": 667}, "GraphBuilder.__repr__": {"executed_lines": [676], "summary": {"covered_lines": 1, "num_statements": 1, "percent_covered": 100.0, "percent_covered_display": "100", "missing_lines": 0, "excluded_lines": 0, "percent_statements_covered": 100.0, "percent_statements_covered_display": "100"}, "missing_lines": [], "excluded_lines": [], "start_line": 675}, "GraphBuilder.describe": {"executed_lines": [], "summary": {"covered_lines": 0, "num_statements": 18, "percent_covered": 0.0, "percent_covered_display": "0", "missing_lines": 18, "excluded_lines": 0, "percent_statements_covered": 0.0, "percent_statements_covered_display": "0"}, "missing_lines": [691, 693, 694, 695, 697, 698, 699, 700, 702, 703, 704, 705, 706, 707, 708, 710, 711, 713], "excluded_lines": [], "start_line": 684}, "": {"executed_lines": [7, 9, 10, 11, 23, 24, 25, 26, 31, 32, 37, 50, 51, 54, 55, 56, 58, 64, 65, 73, 74, 77, 78, 80, 83, 84, 88, 89, 92, 93, 94, 95, 97, 104, 105, 123, 126, 128, 129, 130, 131, 132, 135, 138, 140, 141, 142, 143, 144, 145, 153, 178, 207, 237, 258, 280, 323, 341, 349, 395, 427, 470, 490, 541, 569, 570, 656, 657, 661, 662, 666, 667, 675, 684], "summary": {"covered_lines": 74, "num_statements": 78, "percent_covered": 94.87179487179488, "percent_covered_display": "95", "missing_lines": 4, "excluded_lines": 0, "percent_statements_covered": 94.87179487179488, "percent_statements_covered_display": "95"}, "missing_lines": [27, 28, 33, 34], "excluded_lines": [], "start_line": 1}}, "classes": {"NodeItem": {"executed_lines": [59, 60, 61, 62, 66], "summary": {"covered_lines": 5, "num_statements": 5, "percent_covered": 100.0, "percent_covered_display": "100", "missing_lines": 0, "excluded_lines": 0, "percent_statements_covered": 100.0, "percent_statements_covered_display": "100"}, "missing_lines": [], "excluded_lines": [], "start_line": 51}, "EdgeItem": {"executed_lines": [81, 85], "summary": {"covered_lines": 2, "num_statements": 2, "percent_covered": 100.0, "percent_covered_display": "100", "missing_lines": 0, "excluded_lines": 0, "percent_statements_covered": 100.0, "percent_statements_covered_display": "100"}, "missing_lines": [], "excluded_lines": [], "start_line": 74}, "ConditionalEdgeItem": {"executed_lines": [98, 110], "summary": {"covered_lines": 2, "num_statements": 2, "percent_covered": 100.0, "percent_covered_display": "100", "missing_lines": 0, "excluded_lines": 0, "percent_statements_covered": 100.0, "percent_statements_covered_display": "100"}, "missing_lines": [], "excluded_lines": [], "start_line": 89}, "NodeConfig": {"executed_lines": [], "summary": {"covered_lines": 0, "num_statements": 0, "percent_covered": 100.0, "percent_covered_display": "100", "missing_lines": 0, "excluded_lines": 0, "percent_statements_covered": 100.0, "percent_statements_covered_display": "100"}, "missing_lines": [], "excluded_lines": [], "start_line": 123}, "GraphCompileConfig": {"executed_lines": [], "summary": {"covered_lines": 0, "num_statements": 0, "percent_covered": 100.0, "percent_covered_display": "100", "missing_lines": 0, "excluded_lines": 0, "percent_statements_covered": 100.0, "percent_statements_covered_display": "100"}, "missing_lines": [], "excluded_lines": [], "start_line": 135}, "GraphBuilder": {"executed_lines": [192, 193, 194, 197, 198, 199, 200, 201, 227, 228, 233, 234, 235, 250, 251, 252, 273, 274, 276, 277, 278, 305, 308, 309, 311, 312, 314, 320, 321, 333, 334, 335, 343, 344, 358, 359, 362, 363, 366, 373, 383, 384, 385, 397, 400, 401, 403, 404, 406, 411, 421, 435, 438, 439, 442, 446, 462, 463, 466, 468, 473, 475, 478, 482, 483, 484, 507, 510, 513, 516, 520, 522, 524, 526, 527, 528, 530, 531, 532, 533, 552, 567, 592, 593, 598, 599, 600, 605, 606, 609, 610, 611, 612, 618, 625, 626, 629, 647, 650, 659, 664, 676], "summary": {"covered_lines": 102, "num_statements": 165, "percent_covered": 61.81818181818182, "percent_covered_display": "62", "missing_lines": 63, "excluded_lines": 0, "percent_statements_covered": 61.81818181818182, "percent_statements_covered_display": "62"}, "missing_lines": [367, 368, 369, 370, 374, 375, 376, 377, 378, 379, 380, 387, 389, 398, 407, 408, 409, 412, 413, 414, 415, 416, 417, 418, 419, 443, 447, 448, 455, 476, 479, 521, 523, 525, 534, 535, 594, 595, 630, 631, 632, 633, 639, 648, 669, 691, 693, 694, 695, 697, 698, 699, 700, 702, 703, 704, 705, 706, 707, 708, 710, 711, 713], "excluded_lines": [], "start_line": 153}, "": {"executed_lines": [7, 9, 10, 11, 23, 24, 25, 26, 31, 32, 37, 50, 51, 54, 55, 56, 58, 64, 65, 73, 74, 77, 78, 80, 83, 84, 88, 89, 92, 93, 94, 95, 97, 104, 105, 123, 126, 128, 129, 130, 131, 132, 135, 138, 140, 141, 142, 143, 144, 145, 153, 178, 207, 237, 258, 280, 323, 341, 349, 395, 427, 470, 490, 541, 569, 570, 656, 657, 661, 662, 666, 667, 675, 684], "summary": {"covered_lines": 74, "num_statements": 78, "percent_covered": 94.87179487179488, "percent_covered_display": "95", "missing_lines": 4, "excluded_lines": 0, "percent_statements_covered": 94.87179487179488, "percent_statements_covered_display": "95"}, "missing_lines": [27, 28, 33, 34], "excluded_lines": [], "start_line": 1}}}, "implement/feature-10-langgraph/03-implement/ml_langgraph/checkpoint.py": {"executed_lines": [7, 8, 9, 10, 11, 12, 13, 14, 15, 18, 21, 24, 27, 30, 33, 34, 38, 39, 43, 44, 48, 49, 53, 54, 59, 62, 63, 65, 66, 67, 68, 74, 75, 76, 77, 79, 80, 86, 87, 88, 89, 91, 92, 95, 98, 99, 100, 101, 103, 104, 105, 106, 107, 109, 110, 111, 118, 122, 124, 125, 126, 129, 130, 131, 132, 133, 137, 139, 140, 141, 144, 146, 148, 149, 150, 153, 155, 156, 157, 158, 159, 160, 162, 163, 164, 165, 167, 168, 169, 170, 173, 176, 177, 178, 179, 180, 182, 183, 187, 189, 190, 191, 193, 194, 195, 197, 198, 199, 200, 201, 202, 203, 204, 209, 211, 212, 214, 215, 216, 218, 219, 225, 226, 228, 229, 230, 231, 232, 234, 235, 238, 254, 263, 265, 280, 281, 282, 283, 285, 298, 300, 308, 310, 320, 322, 332, 333, 334, 335, 336, 337, 339, 349, 351, 368, 369, 370, 374, 375, 377], "summary": {"covered_lines": 160, "num_statements": 171, "percent_covered": 93.5672514619883, "percent_covered_display": "94", "missing_lines": 11, "excluded_lines": 0, "percent_statements_covered": 93.5672514619883, "percent_statements_covered_display": "94"}, "missing_lines": [36, 41, 46, 51, 56, 145, 184, 185, 213, 227, 387], "excluded_lines": [], "functions": {"CheckpointBackend.save": {"executed_lines": [], "summary": {"covered_lines": 0, "num_statements": 1, "percent_covered": 0.0, "percent_covered_display": "0", "missing_lines": 1, "excluded_lines": 0, "percent_statements_covered": 0.0, "percent_statements_covered_display": "0"}, "missing_lines": [36], "excluded_lines": [], "start_line": 34}, "CheckpointBackend.load": {"executed_lines": [], "summary": {"covered_lines": 0, "num_statements": 1, "percent_covered": 0.0, "percent_covered_display": "0", "missing_lines": 1, "excluded_lines": 0, "percent_statements_covered": 0.0, "percent_statements_covered_display": "0"}, "missing_lines": [41], "excluded_lines": [], "start_line": 39}, "CheckpointBackend.list": {"executed_lines": [], "summary": {"covered_lines": 0, "num_statements": 1, "percent_covered": 0.0, "percent_covered_display": "0", "missing_lines": 1, "excluded_lines": 0, "percent_statements_covered": 0.0, "percent_statements_covered_display": "0"}, "missing_lines": [46], "excluded_lines": [], "start_line": 44}, "CheckpointBackend.delete": {"executed_lines": [], "summary": {"covered_lines": 0, "num_statements": 1, "percent_covered": 0.0, "percent_covered_display": "0", "missing_lines": 1, "excluded_lines": 0, "percent_statements_covered": 0.0, "percent_statements_covered_display": "0"}, "missing_lines": [51], "excluded_lines": [], "start_line": 49}, "CheckpointBackend.exists": {"executed_lines": [], "summary": {"covered_lines": 0, "num_statements": 1, "percent_covered": 0.0, "percent_covered_display": "0", "missing_lines": 1, "excluded_lines": 0, "percent_statements_covered": 0.0, "percent_statements_covered_display": "0"}, "missing_lines": [56], "excluded_lines": [], "start_line": 54}, "MemoryCheckpointBackend.__init__": {"executed_lines": [63], "summary": {"covered_lines": 1, "num_statements": 1, "percent_covered": 100.0, "percent_covered_display": "100", "missing_lines": 0, "excluded_lines": 0, "percent_statements_covered": 100.0, "percent_statements_covered_display": "100"}, "missing_lines": [], "excluded_lines": [], "start_line": 62}, "MemoryCheckpointBackend.save": {"executed_lines": [66, 67, 68], "summary": {"covered_lines": 3, "num_statements": 3, "percent_covered": 100.0, "percent_covered_display": "100", "missing_lines": 0, "excluded_lines": 0, "percent_statements_covered": 100.0, "percent_statements_covered_display": "100"}, "missing_lines": [], "excluded_lines": [], "start_line": 65}, "MemoryCheckpointBackend.load": {"executed_lines": [75, 76, 77], "summary": {"covered_lines": 3, "num_statements": 3, "percent_covered": 100.0, "percent_covered_display": "100", "missing_lines": 0, "excluded_lines": 0, "percent_statements_covered": 100.0, "percent_statements_covered_display": "100"}, "missing_lines": [], "excluded_lines": [], "start_line": 74}, "MemoryCheckpointBackend.list": {"executed_lines": [80], "summary": {"covered_lines": 1, "num_statements": 1, "percent_covered": 100.0, "percent_covered_display": "100", "missing_lines": 0, "excluded_lines": 0, "percent_statements_covered": 100.0, "percent_statements_covered_display": "100"}, "missing_lines": [], "excluded_lines": [], "start_line": 79}, "MemoryCheckpointBackend.delete": {"executed_lines": [87, 88, 89], "summary": {"covered_lines": 3, "num_statements": 3, "percent_covered": 100.0, "percent_covered_display": "100", "missing_lines": 0, "excluded_lines": 0, "percent_statements_covered": 100.0, "percent_statements_covered_display": "100"}, "missing_lines": [], "excluded_lines": [], "start_line": 86}, "MemoryCheckpointBackend.exists": {"executed_lines": [92], "summary": {"covered_lines": 1, "num_statements": 1, "percent_covered": 100.0, "percent_covered_display": "100", "missing_lines": 0, "excluded_lines": 0, "percent_statements_covered": 100.0, "percent_statements_covered_display": "100"}, "missing_lines": [], "excluded_lines": [], "start_line": 91}, "SqliteCheckpointBackend.__init__": {"executed_lines": [99, 100, 101], "summary": {"covered_lines": 3, "num_statements": 3, "percent_covered": 100.0, "percent_covered_display": "100", "missing_lines": 0, "excluded_lines": 0, "percent_statements_covered": 100.0, "percent_statements_covered_display": "100"}, "missing_lines": [], "excluded_lines": [], "start_line": 98}, "SqliteCheckpointBackend._get_conn": {"executed_lines": [104, 105, 106, 107], "summary": {"covered_lines": 4, "num_statements": 4, "percent_covered": 100.0, "percent_covered_display": "100", "missing_lines": 0, "excluded_lines": 0, "percent_statements_covered": 100.0, "percent_statements_covered_display": "100"}, "missing_lines": [], "excluded_lines": [], "start_line": 103}, "SqliteCheckpointBackend._init_db": {"executed_lines": [110, 111, 118, 122], "summary": {"covered_lines": 4, "num_statements": 4, "percent_covered": 100.0, "percent_covered_display": "100", "missing_lines": 0, "excluded_lines": 0, "percent_statements_covered": 100.0, "percent_statements_covered_display": "100"}, "missing_lines": [], "excluded_lines": [], "start_line": 109}, "SqliteCheckpointBackend.save": {"executed_lines": [125, 126, 129, 130, 131, 132, 133, 137], "summary": {"covered_lines": 8, "num_statements": 8, "percent_covered": 100.0, "percent_covered_display": "100", "missing_lines": 0, "excluded_lines": 0, "percent_statements_covered": 100.0, "percent_statements_covered_display": "100"}, "missing_lines": [], "excluded_lines": [], "start_line": 124}, "SqliteCheckpointBackend.load": {"executed_lines": [140, 141, 144, 146], "summary": {"covered_lines": 4, "num_statements": 5, "percent_covered": 80.0, "percent_covered_display": "80", "missing_lines": 1, "excluded_lines": 0, "percent_statements_covered": 80.0, "percent_statements_covered_display": "80"}, "missing_lines": [145], "excluded_lines": [], "start_line": 139}, "SqliteCheckpointBackend.list": {"executed_lines": [149, 150, 153], "summary": {"covered_lines": 3, "num_statements": 3, "percent_covered": 100.0, "percent_covered_display": "100", "missing_lines": 0, "excluded_lines": 0, "percent_statements_covered": 100.0, "percent_statements_covered_display": "100"}, "missing_lines": [], "excluded_lines": [], "start_line": 148}, "SqliteCheckpointBackend.delete": {"executed_lines": [156, 157, 158, 159, 160], "summary": {"covered_lines": 5, "num_statements": 5, "percent_covered": 100.0, "percent_covered_display": "100", "missing_lines": 0, "excluded_lines": 0, "percent_statements_covered": 100.0, "percent_statements_covered_display": "100"}, "missing_lines": [], "excluded_lines": [], "start_line": 155}, "SqliteCheckpointBackend.exists": {"executed_lines": [163, 164, 165], "summary": {"covered_lines": 3, "num_statements": 3, "percent_covered": 100.0, "percent_covered_display": "100", "missing_lines": 0, "excluded_lines": 0, "percent_statements_covered": 100.0, "percent_statements_covered_display": "100"}, "missing_lines": [], "excluded_lines": [], "start_line": 162}, "SqliteCheckpointBackend.close": {"executed_lines": [168, 169, 170], "summary": {"covered_lines": 3, "num_statements": 3, "percent_covered": 100.0, "percent_covered_display": "100", "missing_lines": 0, "excluded_lines": 0, "percent_statements_covered": 100.0, "percent_statements_covered_display": "100"}, "missing_lines": [], "excluded_lines": [], "start_line": 167}, "FileSystemCheckpointBackend.__init__": {"executed_lines": [177, 178, 179, 180], "summary": {"covered_lines": 4, "num_statements": 4, "percent_covered": 100.0, "percent_covered_display": "100", "missing_lines": 0, "excluded_lines": 0, "percent_statements_covered": 100.0, "percent_statements_covered_display": "100"}, "missing_lines": [], "excluded_lines": [], "start_line": 176}, "FileSystemCheckpointBackend._load_metadata": {"executed_lines": [183, 187], "summary": {"covered_lines": 2, "num_statements": 4, "percent_covered": 50.0, "percent_covered_display": "50", "missing_lines": 2, "excluded_lines": 0, "percent_statements_covered": 50.0, "percent_statements_covered_display": "50"}, "missing_lines": [184, 185], "excluded_lines": [], "start_line": 182}, "FileSystemCheckpointBackend._save_metadata": {"executed_lines": [190, 191], "summary": {"covered_lines": 2, "num_statements": 2, "percent_covered": 100.0, "percent_covered_display": "100", "missing_lines": 0, "excluded_lines": 0, "percent_statements_covered": 100.0, "percent_statements_covered_display": "100"}, "missing_lines": [], "excluded_lines": [], "start_line": 189}, "FileSystemCheckpointBackend._get_checkpoint_path": {"executed_lines": [194, 195], "summary": {"covered_lines": 2, "num_statements": 2, "percent_covered": 100.0, "percent_covered_display": "100", "missing_lines": 0, "excluded_lines": 0, "percent_statements_covered": 100.0, "percent_statements_covered_display": "100"}, "missing_lines": [], "excluded_lines": [], "start_line": 193}, "FileSystemCheckpointBackend.save": {"executed_lines": [198, 199, 200, 201, 202, 203, 204, 209], "summary": {"covered_lines": 8, "num_statements": 8, "percent_covered": 100.0, "percent_covered_display": "100", "missing_lines": 0, "excluded_lines": 0, "percent_statements_covered": 100.0, "percent_statements_covered_display": "100"}, "missing_lines": [], "excluded_lines": [], "start_line": 197}, "FileSystemCheckpointBackend.load": {"executed_lines": [212, 214, 215, 216], "summary": {"covered_lines": 4, "num_statements": 5, "percent_covered": 80.0, "percent_covered_display": "80", "missing_lines": 1, "excluded_lines": 0, "percent_statements_covered": 80.0, "percent_statements_covered_display": "80"}, "missing_lines": [213], "excluded_lines": [], "start_line": 211}, "FileSystemCheckpointBackend.list": {"executed_lines": [219], "summary": {"covered_lines": 1, "num_statements": 1, "percent_covered": 100.0, "percent_covered_display": "100", "missing_lines": 0, "excluded_lines": 0, "percent_statements_covered": 100.0, "percent_statements_covered_display": "100"}, "missing_lines": [], "excluded_lines": [], "start_line": 218}, "FileSystemCheckpointBackend.delete": {"executed_lines": [226, 228, 229, 230, 231, 232], "summary": {"covered_lines": 6, "num_statements": 7, "percent_covered": 85.71428571428571, "percent_covered_display": "86", "missing_lines": 1, "excluded_lines": 0, "percent_statements_covered": 85.71428571428571, "percent_statements_covered_display": "86"}, "missing_lines": [227], "excluded_lines": [], "start_line": 225}, "FileSystemCheckpointBackend.exists": {"executed_lines": [235], "summary": {"covered_lines": 1, "num_statements": 1, "percent_covered": 100.0, "percent_covered_display": "100", "missing_lines": 0, "excluded_lines": 0, "percent_statements_covered": 100.0, "percent_statements_covered_display": "100"}, "missing_lines": [], "excluded_lines": [], "start_line": 234}, "CheckpointManager.__init__": {"executed_lines": [263], "summary": {"covered_lines": 1, "num_statements": 1, "percent_covered": 100.0, "percent_covered_display": "100", "missing_lines": 0, "excluded_lines": 0, "percent_statements_covered": 100.0, "percent_statements_covered_display": "100"}, "missing_lines": [], "excluded_lines": [], "start_line": 254}, "CheckpointManager.save": {"executed_lines": [280, 281, 282, 283], "summary": {"covered_lines": 4, "num_statements": 4, "percent_covered": 100.0, "percent_covered_display": "100", "missing_lines": 0, "excluded_lines": 0, "percent_statements_covered": 100.0, "percent_statements_covered_display": "100"}, "missing_lines": [], "excluded_lines": [], "start_line": 265}, "CheckpointManager.load": {"executed_lines": [298], "summary": {"covered_lines": 1, "num_statements": 1, "percent_covered": 100.0, "percent_covered_display": "100", "missing_lines": 0, "excluded_lines": 0, "percent_statements_covered": 100.0, "percent_statements_covered_display": "100"}, "missing_lines": [], "excluded_lines": [], "start_line": 285}, "CheckpointManager.list_checkpoints": {"executed_lines": [308], "summary": {"covered_lines": 1, "num_statements": 1, "percent_covered": 100.0, "percent_covered_display": "100", "missing_lines": 0, "excluded_lines": 0, "percent_statements_covered": 100.0, "percent_statements_covered_display": "100"}, "missing_lines": [], "excluded_lines": [], "start_line": 300}, "CheckpointManager.delete": {"executed_lines": [320], "summary": {"covered_lines": 1, "num_statements": 1, "percent_covered": 100.0, "percent_covered_display": "100", "missing_lines": 0, "excluded_lines": 0, "percent_statements_covered": 100.0, "percent_statements_covered_display": "100"}, "missing_lines": [], "excluded_lines": [], "start_line": 310}, "CheckpointManager.get_latest": {"executed_lines": [332, 333, 334, 335, 336, 337], "summary": {"covered_lines": 6, "num_statements": 6, "percent_covered": 100.0, "percent_covered_display": "100", "missing_lines": 0, "excluded_lines": 0, "percent_statements_covered": 100.0, "percent_statements_covered_display": "100"}, "missing_lines": [], "excluded_lines": [], "start_line": 322}, "CheckpointManager.exists": {"executed_lines": [349], "summary": {"covered_lines": 1, "num_statements": 1, "percent_covered": 100.0, "percent_covered_display": "100", "missing_lines": 0, "excluded_lines": 0, "percent_statements_covered": 100.0, "percent_statements_covered_display": "100"}, "missing_lines": [], "excluded_lines": [], "start_line": 339}, "CheckpointManager.save_with_metadata": {"executed_lines": [368, 369, 370, 374, 375], "summary": {"covered_lines": 5, "num_statements": 5, "percent_covered": 100.0, "percent_covered_display": "100", "missing_lines": 0, "excluded_lines": 0, "percent_statements_covered": 100.0, "percent_statements_covered_display": "100"}, "missing_lines": [], "excluded_lines": [], "start_line": 351}, "CheckpointManager.load_with_metadata": {"executed_lines": [], "summary": {"covered_lines": 0, "num_statements": 1, "percent_covered": 0.0, "percent_covered_display": "0", "missing_lines": 1, "excluded_lines": 0, "percent_statements_covered": 0.0, "percent_statements_covered_display": "0"}, "missing_lines": [387], "excluded_lines": [], "start_line": 377}, "": {"executed_lines": [7, 8, 9, 10, 11, 12, 13, 14, 15, 18, 21, 24, 27, 30, 33, 34, 38, 39, 43, 44, 48, 49, 53, 54, 59, 62, 65, 74, 79, 86, 91, 95, 98, 103, 109, 124, 139, 148, 155, 162, 167, 173, 176, 182, 189, 193, 197, 211, 218, 225, 234, 238, 254, 265, 285, 300, 310, 322, 339, 351, 377], "summary": {"covered_lines": 61, "num_statements": 61, "percent_covered": 100.0, "percent_covered_display": "100", "missing_lines": 0, "excluded_lines": 0, "percent_statements_covered": 100.0, "percent_statements_covered_display": "100"}, "missing_lines": [], "excluded_lines": [], "start_line": 1}}, "classes": {"CheckpointAlreadyExistsError": {"executed_lines": [], "summary": {"covered_lines": 0, "num_statements": 0, "percent_covered": 100.0, "percent_covered_display": "100", "missing_lines": 0, "excluded_lines": 0, "percent_statements_covered": 100.0, "percent_statements_covered_display": "100"}, "missing_lines": [], "excluded_lines": [], "start_line": 18}, "CheckpointNotFoundError": {"executed_lines": [], "summary": {"covered_lines": 0, "num_statements": 0, "percent_covered": 100.0, "percent_covered_display": "100", "missing_lines": 0, "excluded_lines": 0, "percent_statements_covered": 100.0, "percent_statements_covered_display": "100"}, "missing_lines": [], "excluded_lines": [], "start_line": 24}, "CheckpointBackend": {"executed_lines": [], "summary": {"covered_lines": 0, "num_statements": 5, "percent_covered": 0.0, "percent_covered_display": "0", "missing_lines": 5, "excluded_lines": 0, "percent_statements_covered": 0.0, "percent_statements_covered_display": "0"}, "missing_lines": [36, 41, 46, 51, 56], "excluded_lines": [], "start_line": 30}, "MemoryCheckpointBackend": {"executed_lines": [63, 66, 67, 68, 75, 76, 77, 80, 87, 88, 89, 92], "summary": {"covered_lines": 12, "num_statements": 12, "percent_covered": 100.0, "percent_covered_display": "100", "missing_lines": 0, "excluded_lines": 0, "percent_statements_covered": 100.0, "percent_statements_covered_display": "100"}, "missing_lines": [], "excluded_lines": [], "start_line": 59}, "SqliteCheckpointBackend": {"executed_lines": [99, 100, 101, 104, 105, 106, 107, 110, 111, 118, 122, 125, 126, 129, 130, 131, 132, 133, 137, 140, 141, 144, 146, 149, 150, 153, 156, 157, 158, 159, 160, 163, 164, 165, 168, 169, 170], "summary": {"covered_lines": 37, "num_statements": 38, "percent_covered": 97.36842105263158, "percent_covered_display": "97", "missing_lines": 1, "excluded_lines": 0, "percent_statements_covered": 97.36842105263158, "percent_statements_covered_display": "97"}, "missing_lines": [145], "excluded_lines": [], "start_line": 95}, "FileSystemCheckpointBackend": {"executed_lines": [177, 178, 179, 180, 183, 187, 190, 191, 194, 195, 198, 199, 200, 201, 202, 203, 204, 209, 212, 214, 215, 216, 219, 226, 228, 229, 230, 231, 232, 235], "summary": {"covered_lines": 30, "num_statements": 34, "percent_covered": 88.23529411764706, "percent_covered_display": "88", "missing_lines": 4, "excluded_lines": 0, "percent_statements_covered": 88.23529411764706, "percent_statements_covered_display": "88"}, "missing_lines": [184, 185, 213, 227], "excluded_lines": [], "start_line": 173}, "CheckpointManager": {"executed_lines": [263, 280, 281, 282, 283, 298, 308, 320, 332, 333, 334, 335, 336, 337, 349, 368, 369, 370, 374, 375], "summary": {"covered_lines": 20, "num_statements": 21, "percent_covered": 95.23809523809524, "percent_covered_display": "95", "missing_lines": 1, "excluded_lines": 0, "percent_statements_covered": 95.23809523809524, "percent_statements_covered_display": "95"}, "missing_lines": [387], "excluded_lines": [], "start_line": 238}, "": {"executed_lines": [7, 8, 9, 10, 11, 12, 13, 14, 15, 18, 21, 24, 27, 30, 33, 34, 38, 39, 43, 44, 48, 49, 53, 54, 59, 62, 65, 74, 79, 86, 91, 95, 98, 103, 109, 124, 139, 148, 155, 162, 167, 173, 176, 182, 189, 193, 197, 211, 218, 225, 234, 238, 254, 265, 285, 300, 310, 322, 339, 351, 377], "summary": {"covered_lines": 61, "num_statements": 61, "percent_covered": 100.0, "percent_covered_display": "100", "missing_lines": 0, "excluded_lines": 0, "percent_statements_covered": 100.0, "percent_statements_covered_display": "100"}, "missing_lines": [], "excluded_lines": [], "start_line": 1}}}, "implement/feature-10-langgraph/03-implement/ml_langgraph/config.py": {"executed_lines": [7, 9, 10, 11, 12, 13, 20, 21, 35, 36, 37, 38, 39, 40, 47, 55, 66, 74, 91, 92, 94, 95, 97, 98, 100, 102, 103, 105, 106, 108, 109, 111, 114, 115, 117, 125, 138, 141, 142, 143, 145, 153, 177, 178, 181, 182, 185, 186, 187, 189, 191, 193, 194, 196, 201, 203, 204, 205, 206, 207, 210, 212, 213, 214, 215, 217, 220, 223, 241, 268, 280, 282, 283, 285, 286, 287, 303, 305, 306, 307], "summary": {"covered_lines": 80, "num_statements": 110, "percent_covered": 72.72727272727273, "percent_covered_display": "73", "missing_lines": 30, "excluded_lines": 0, "percent_statements_covered": 72.72727272727273, "percent_statements_covered_display": "73"}, "missing_lines": [96, 101, 107, 112, 192, 218, 229, 230, 231, 232, 233, 235, 236, 238, 243, 244, 246, 247, 248, 249, 250, 252, 253, 255, 256, 257, 291, 292, 293, 295], "excluded_lines": [], "functions": {"config_to_dict": {"executed_lines": [66], "summary": {"covered_lines": 1, "num_statements": 1, "percent_covered": 100.0, "percent_covered_display": "100", "missing_lines": 0, "excluded_lines": 0, "percent_statements_covered": 100.0, "percent_statements_covered_display": "100"}, "missing_lines": [], "excluded_lines": [], "start_line": 55}, "validate_config": {"executed_lines": [91, 92, 94, 95, 97, 98, 100, 102, 103, 105, 106, 108, 109, 111, 114, 115, 117], "summary": {"covered_lines": 17, "num_statements": 21, "percent_covered": 80.95238095238095, "percent_covered_display": "81", "missing_lines": 4, "excluded_lines": 0, "percent_statements_covered": 80.95238095238095, "percent_statements_covered_display": "81"}, "missing_lines": [96, 101, 107, 112], "excluded_lines": [], "start_line": 74}, "merge_configs": {"executed_lines": [138, 141, 142, 143, 145], "summary": {"covered_lines": 5, "num_statements": 5, "percent_covered": 100.0, "percent_covered_display": "100", "missing_lines": 0, "excluded_lines": 0, "percent_statements_covered": 100.0, "percent_statements_covered_display": "100"}, "missing_lines": [], "excluded_lines": [], "start_line": 125}, "load_config": {"executed_lines": [177, 178, 181, 182, 185, 186, 187, 189, 191, 193, 194, 196], "summary": {"covered_lines": 12, "num_statements": 13, "percent_covered": 92.3076923076923, "percent_covered_display": "92", "missing_lines": 1, "excluded_lines": 0, "percent_statements_covered": 92.3076923076923, "percent_statements_covered_display": "92"}, "missing_lines": [192], "excluded_lines": [], "start_line": 153}, "_config_from_dict": {"executed_lines": [203, 204, 205, 206, 207], "summary": {"covered_lines": 5, "num_statements": 5, "percent_covered": 100.0, "percent_covered_display": "100", "missing_lines": 0, "excluded_lines": 0, "percent_statements_covered": 100.0, "percent_statements_covered_display": "100"}, "missing_lines": [], "excluded_lines": [], "start_line": 201}, "_config_from_json": {"executed_lines": [212, 213, 214, 215, 217, 220], "summary": {"covered_lines": 6, "num_statements": 7, "percent_covered": 85.71428571428571, "percent_covered_display": "86", "missing_lines": 1, "excluded_lines": 0, "percent_statements_covered": 85.71428571428571, "percent_statements_covered_display": "86"}, "missing_lines": [218], "excluded_lines": [], "start_line": 210}, "_config_from_yaml": {"executed_lines": [], "summary": {"covered_lines": 0, "num_statements": 8, "percent_covered": 0.0, "percent_covered_display": "0", "missing_lines": 8, "excluded_lines": 0, "percent_statements_covered": 0.0, "percent_statements_covered_display": "0"}, "missing_lines": [229, 230, 231, 232, 233, 235, 236, 238], "excluded_lines": [], "start_line": 223}, "_get_yaml_parser": {"executed_lines": [], "summary": {"covered_lines": 0, "num_statements": 12, "percent_covered": 0.0, "percent_covered_display": "0", "missing_lines": 12, "excluded_lines": 0, "percent_statements_covered": 0.0, "percent_statements_covered_display": "0"}, "missing_lines": [243, 244, 246, 247, 248, 249, 250, 252, 253, 255, 256, 257], "excluded_lines": [], "start_line": 241}, "save_config": {"executed_lines": [280, 282, 283, 285, 286, 287], "summary": {"covered_lines": 6, "num_statements": 10, "percent_covered": 60.0, "percent_covered_display": "60", "missing_lines": 4, "excluded_lines": 0, "percent_statements_covered": 60.0, "percent_statements_covered_display": "60"}, "missing_lines": [291, 292, 293, 295], "excluded_lines": [], "start_line": 268}, "load_config_or_default": {"executed_lines": [305, 306, 307], "summary": {"covered_lines": 3, "num_statements": 3, "percent_covered": 100.0, "percent_covered_display": "100", "missing_lines": 0, "excluded_lines": 0, "percent_statements_covered": 100.0, "percent_statements_covered_display": "100"}, "missing_lines": [], "excluded_lines": [], "start_line": 303}, "": {"executed_lines": [7, 9, 10, 11, 12, 13, 20, 21, 35, 36, 37, 38, 39, 40, 47, 55, 74, 125, 153, 201, 210, 223, 241, 268, 303], "summary": {"covered_lines": 25, "num_statements": 25, "percent_covered": 100.0, "percent_covered_display": "100", "missing_lines": 0, "excluded_lines": 0, "percent_statements_covered": 100.0, "percent_statements_covered_display": "100"}, "missing_lines": [], "excluded_lines": [], "start_line": 1}}, "classes": {"GraphConfig": {"executed_lines": [], "summary": {"covered_lines": 0, "num_statements": 0, "percent_covered": 100.0, "percent_covered_display": "100", "missing_lines": 0, "excluded_lines": 0, "percent_statements_covered": 100.0, "percent_statements_covered_display": "100"}, "missing_lines": [], "excluded_lines": [], "start_line": 21}, "": {"executed_lines": [7, 9, 10, 11, 12, 13, 20, 21, 35, 36, 37, 38, 39, 40, 47, 55, 66, 74, 91, 92, 94, 95, 97, 98, 100, 102, 103, 105, 106, 108, 109, 111, 114, 115, 117, 125, 138, 141, 142, 143, 145, 153, 177, 178, 181, 182, 185, 186, 187, 189, 191, 193, 194, 196, 201, 203, 204, 205, 206, 207, 210, 212, 213, 214, 215, 217, 220, 223, 241, 268, 280, 282, 283, 285, 286, 287, 303, 305, 306, 307], "summary": {"covered_lines": 80, "num_statements": 110, "percent_covered": 72.72727272727273, "percent_covered_display": "73", "missing_lines": 30, "excluded_lines": 0, "percent_statements_covered": 72.72727272727273, "percent_statements_covered_display": "73"}, "missing_lines": [96, 101, 107, 112, 192, 218, 229, 230, 231, 232, 233, 235, 236, 238, 243, 244, 246, 247, 248, 249, 250, 252, 253, 255, 256, 257, 291, 292, 293, 295], "excluded_lines": [], "start_line": 1}}}, "implement/feature-10-langgraph/03-implement/ml_langgraph/edges.py": {"executed_lines": [11, 12, 13, 16, 19, 25, 34, 35, 47, 48, 50, 51, 59, 60, 74, 75, 77, 87, 88, 90, 104, 118, 119, 120, 121, 124, 135, 136, 137, 138, 141, 163, 166, 169, 177, 178, 189, 191, 192, 193, 197, 198, 204, 205, 206, 207, 208, 210, 212, 213, 235, 236, 238, 239, 240, 242, 245, 246, 247, 248, 256, 257, 258, 261, 262, 263, 266, 267, 269, 271, 272, 283, 284, 286, 287, 288, 290, 291, 292, 293, 295, 297, 298, 343, 354, 355, 357, 368, 369, 371, 378, 386, 396, 397, 399, 400, 401, 402, 403, 405, 408, 418, 419, 420, 421, 422], "summary": {"covered_lines": 106, "num_statements": 125, "percent_covered": 84.8, "percent_covered_display": "85", "missing_lines": 19, "excluded_lines": 0, "percent_statements_covered": 84.8, "percent_statements_covered_display": "85"}, "missing_lines": [26, 91, 152, 153, 154, 155, 251, 252, 253, 289, 312, 314, 315, 321, 322, 323, 329, 330, 335], "excluded_lines": [], "functions": {"StateT.get": {"executed_lines": [], "summary": {"covered_lines": 0, "num_statements": 1, "percent_covered": 0.0, "percent_covered_display": "0", "missing_lines": 1, "excluded_lines": 0, "percent_statements_covered": 0.0, "percent_statements_covered_display": "0"}, "missing_lines": [26], "excluded_lines": [], "start_line": 25}, "EdgeItem.__repr__": {"executed_lines": [48], "summary": {"covered_lines": 1, "num_statements": 1, "percent_covered": 100.0, "percent_covered_display": "100", "missing_lines": 0, "excluded_lines": 0, "percent_statements_covered": 100.0, "percent_statements_covered_display": "100"}, "missing_lines": [], "excluded_lines": [], "start_line": 47}, "EdgeItem.__hash__": {"executed_lines": [51], "summary": {"covered_lines": 1, "num_statements": 1, "percent_covered": 100.0, "percent_covered_display": "100", "missing_lines": 0, "excluded_lines": 0, "percent_statements_covered": 100.0, "percent_statements_covered_display": "100"}, "missing_lines": [], "excluded_lines": [], "start_line": 50}, "ConditionalEdgeItem.route": {"executed_lines": [87, 88], "summary": {"covered_lines": 2, "num_statements": 2, "percent_covered": 100.0, "percent_covered_display": "100", "missing_lines": 0, "excluded_lines": 0, "percent_statements_covered": 100.0, "percent_statements_covered_display": "100"}, "missing_lines": [], "excluded_lines": [], "start_line": 77}, "ConditionalEdgeItem.__repr__": {"executed_lines": [], "summary": {"covered_lines": 0, "num_statements": 1, "percent_covered": 0.0, "percent_covered_display": "0", "missing_lines": 1, "excluded_lines": 0, "percent_statements_covered": 0.0, "percent_statements_covered_display": "0"}, "missing_lines": [91], "excluded_lines": [], "start_line": 90}, "route_by_confidence": {"executed_lines": [118, 119, 120, 121], "summary": {"covered_lines": 4, "num_statements": 4, "percent_covered": 100.0, "percent_covered_display": "100", "missing_lines": 0, "excluded_lines": 0, "percent_statements_covered": 100.0, "percent_statements_covered_display": "100"}, "missing_lines": [], "excluded_lines": [], "start_line": 104}, "route_by_result_count": {"executed_lines": [135, 136, 137, 138], "summary": {"covered_lines": 4, "num_statements": 4, "percent_covered": 100.0, "percent_covered_display": "100", "missing_lines": 0, "excluded_lines": 0, "percent_statements_covered": 100.0, "percent_statements_covered_display": "100"}, "missing_lines": [], "excluded_lines": [], "start_line": 124}, "route_by_error_count": {"executed_lines": [], "summary": {"covered_lines": 0, "num_statements": 4, "percent_covered": 0.0, "percent_covered_display": "0", "missing_lines": 4, "excluded_lines": 0, "percent_statements_covered": 0.0, "percent_statements_covered_display": "0"}, "missing_lines": [152, 153, 154, 155], "excluded_lines": [], "start_line": 141}, "EdgeValidator.validate_edge": {"executed_lines": [189, 191, 192, 193, 197, 198, 204, 205, 206, 207, 208, 210], "summary": {"covered_lines": 12, "num_statements": 12, "percent_covered": 100.0, "percent_covered_display": "100", "missing_lines": 0, "excluded_lines": 0, "percent_statements_covered": 100.0, "percent_statements_covered_display": "100"}, "missing_lines": [], "excluded_lines": [], "start_line": 178}, "EdgeValidator.detect_orphaned_nodes": {"executed_lines": [235, 236, 238, 239, 240, 242, 245, 246, 247, 248, 256, 257, 258, 261, 262, 263, 266, 267, 269], "summary": {"covered_lines": 19, "num_statements": 22, "percent_covered": 86.36363636363636, "percent_covered_display": "86", "missing_lines": 3, "excluded_lines": 0, "percent_statements_covered": 86.36363636363636, "percent_statements_covered_display": "86"}, "missing_lines": [251, 252, 253], "excluded_lines": [], "start_line": 213}, "EdgeValidator._bfs_reachable": {"executed_lines": [283, 284, 286, 287, 288, 290, 291, 292, 293, 295], "summary": {"covered_lines": 10, "num_statements": 11, "percent_covered": 90.9090909090909, "percent_covered_display": "91", "missing_lines": 1, "excluded_lines": 0, "percent_statements_covered": 90.9090909090909, "percent_statements_covered_display": "91"}, "missing_lines": [289], "excluded_lines": [], "start_line": 272}, "EdgeValidator.validate_conditional_edge": {"executed_lines": [], "summary": {"covered_lines": 0, "num_statements": 9, "percent_covered": 0.0, "percent_covered_display": "0", "missing_lines": 9, "excluded_lines": 0, "percent_statements_covered": 0.0, "percent_statements_covered_display": "0"}, "missing_lines": [312, 314, 315, 321, 322, 323, 329, 330, 335], "excluded_lines": [], "start_line": 298}, "EdgeBuilder.__init__": {"executed_lines": [355], "summary": {"covered_lines": 1, "num_statements": 1, "percent_covered": 100.0, "percent_covered_display": "100", "missing_lines": 0, "excluded_lines": 0, "percent_statements_covered": 100.0, "percent_statements_covered_display": "100"}, "missing_lines": [], "excluded_lines": [], "start_line": 354}, "EdgeBuilder.add": {"executed_lines": [368, 369], "summary": {"covered_lines": 2, "num_statements": 2, "percent_covered": 100.0, "percent_covered_display": "100", "missing_lines": 0, "excluded_lines": 0, "percent_statements_covered": 100.0, "percent_statements_covered_display": "100"}, "missing_lines": [], "excluded_lines": [], "start_line": 357}, "EdgeBuilder.build": {"executed_lines": [378], "summary": {"covered_lines": 1, "num_statements": 1, "percent_covered": 100.0, "percent_covered_display": "100", "missing_lines": 0, "excluded_lines": 0, "percent_statements_covered": 100.0, "percent_statements_covered_display": "100"}, "missing_lines": [], "excluded_lines": [], "start_line": 371}, "merge_edges": {"executed_lines": [396, 397, 399, 400, 401, 402, 403, 405], "summary": {"covered_lines": 8, "num_statements": 8, "percent_covered": 100.0, "percent_covered_display": "100", "missing_lines": 0, "excluded_lines": 0, "percent_statements_covered": 100.0, "percent_statements_covered_display": "100"}, "missing_lines": [], "excluded_lines": [], "start_line": 386}, "get_all_nodes": {"executed_lines": [418, 419, 420, 421, 422], "summary": {"covered_lines": 5, "num_statements": 5, "percent_covered": 100.0, "percent_covered_display": "100", "missing_lines": 0, "excluded_lines": 0, "percent_statements_covered": 100.0, "percent_statements_covered_display": "100"}, "missing_lines": [], "excluded_lines": [], "start_line": 408}, "": {"executed_lines": [11, 12, 13, 16, 19, 25, 34, 35, 47, 50, 59, 60, 74, 75, 77, 90, 104, 124, 141, 163, 166, 169, 177, 178, 212, 213, 271, 272, 297, 298, 343, 354, 357, 371, 386, 408], "summary": {"covered_lines": 36, "num_statements": 36, "percent_covered": 100.0, "percent_covered_display": "100", "missing_lines": 0, "excluded_lines": 0, "percent_statements_covered": 100.0, "percent_statements_covered_display": "100"}, "missing_lines": [], "excluded_lines": [], "start_line": 1}}, "classes": {"StateT": {"executed_lines": [], "summary": {"covered_lines": 0, "num_statements": 1, "percent_covered": 0.0, "percent_covered_display": "0", "missing_lines": 1, "excluded_lines": 0, "percent_statements_covered": 0.0, "percent_statements_covered_display": "0"}, "missing_lines": [26], "excluded_lines": [], "start_line": 19}, "EdgeItem": {"executed_lines": [48, 51], "summary": {"covered_lines": 2, "num_statements": 2, "percent_covered": 100.0, "percent_covered_display": "100", "missing_lines": 0, "excluded_lines": 0, "percent_statements_covered": 100.0, "percent_statements_covered_display": "100"}, "missing_lines": [], "excluded_lines": [], "start_line": 35}, "ConditionalEdgeItem": {"executed_lines": [87, 88], "summary": {"covered_lines": 2, "num_statements": 3, "percent_covered": 66.66666666666667, "percent_covered_display": "67", "missing_lines": 1, "excluded_lines": 0, "percent_statements_covered": 66.66666666666667, "percent_statements_covered_display": "67"}, "missing_lines": [91], "excluded_lines": [], "start_line": 60}, "EdgeValidationError": {"executed_lines": [], "summary": {"covered_lines": 0, "num_statements": 0, "percent_covered": 100.0, "percent_covered_display": "100", "missing_lines": 0, "excluded_lines": 0, "percent_statements_covered": 100.0, "percent_statements_covered_display": "100"}, "missing_lines": [], "excluded_lines": [], "start_line": 163}, "EdgeValidator": {"executed_lines": [189, 191, 192, 193, 197, 198, 204, 205, 206, 207, 208, 210, 235, 236, 238, 239, 240, 242, 245, 246, 247, 248, 256, 257, 258, 261, 262, 263, 266, 267, 269, 283, 284, 286, 287, 288, 290, 291, 292, 293, 295], "summary": {"covered_lines": 41, "num_statements": 54, "percent_covered": 75.92592592592592, "percent_covered_display": "76", "missing_lines": 13, "excluded_lines": 0, "percent_statements_covered": 75.92592592592592, "percent_statements_covered_display": "76"}, "missing_lines": [251, 252, 253, 289, 312, 314, 315, 321, 322, 323, 329, 330, 335], "excluded_lines": [], "start_line": 169}, "EdgeBuilder": {"executed_lines": [355, 368, 369, 378], "summary": {"covered_lines": 4, "num_statements": 4, "percent_covered": 100.0, "percent_covered_display": "100", "missing_lines": 0, "excluded_lines": 0, "percent_statements_covered": 100.0, "percent_statements_covered_display": "100"}, "missing_lines": [], "excluded_lines": [], "start_line": 343}, "": {"executed_lines": [11, 12, 13, 16, 19, 25, 34, 35, 47, 50, 59, 60, 74, 75, 77, 90, 104, 118, 119, 120, 121, 124, 135, 136, 137, 138, 141, 163, 166, 169, 177, 178, 212, 213, 271, 272, 297, 298, 343, 354, 357, 371, 386, 396, 397, 399, 400, 401, 402, 403, 405, 408, 418, 419, 420, 421, 422], "summary": {"covered_lines": 57, "num_statements": 61, "percent_covered": 93.44262295081967, "percent_covered_display": "93", "missing_lines": 4, "excluded_lines": 0, "percent_statements_covered": 93.44262295081967, "percent_statements_covered_display": "93"}, "missing_lines": [152, 153, 154, 155], "excluded_lines": [], "start_line": 1}}}, "implement/feature-10-langgraph/03-implement/ml_langgraph/exceptions.py": {"executed_lines": [9, 19, 20, 21, 23, 24, 27, 38, 39, 40, 41, 42, 45, 57, 65, 78, 89, 102, 112, 124, 131, 143, 150, 163, 171, 185, 202, 215, 216, 217, 218, 219, 220, 223, 234, 235, 236, 237, 238, 241, 255, 264, 275], "summary": {"covered_lines": 43, "num_statements": 88, "percent_covered": 48.86363636363637, "percent_covered_display": "49", "missing_lines": 45, "excluded_lines": 0, "percent_statements_covered": 48.86363636363637, "percent_statements_covered_display": "49"}, "missing_lines": [58, 59, 60, 61, 62, 79, 80, 84, 85, 86, 103, 104, 107, 108, 109, 125, 126, 127, 128, 144, 145, 146, 147, 164, 165, 166, 167, 168, 192, 193, 196, 197, 198, 199, 256, 257, 258, 259, 260, 261, 276, 277, 278, 279, 280], "excluded_lines": [], "functions": {"FeatureError.__init__": {"executed_lines": [20, 21], "summary": {"covered_lines": 2, "num_statements": 2, "percent_covered": 100.0, "percent_covered_display": "100", "missing_lines": 0, "excluded_lines": 0, "percent_statements_covered": 100.0, "percent_statements_covered_display": "100"}, "missing_lines": [], "excluded_lines": [], "start_line": 19}, "FeatureError.__str__": {"executed_lines": [24], "summary": {"covered_lines": 1, "num_statements": 1, "percent_covered": 100.0, "percent_covered_display": "100", "missing_lines": 0, "excluded_lines": 0, "percent_statements_covered": 100.0, "percent_statements_covered_display": "100"}, "missing_lines": [], "excluded_lines": [], "start_line": 23}, "DuplicateNodeError.__init__": {"executed_lines": [39, 40, 41, 42], "summary": {"covered_lines": 4, "num_statements": 4, "percent_covered": 100.0, "percent_covered_display": "100", "missing_lines": 0, "excluded_lines": 0, "percent_statements_covered": 100.0, "percent_statements_covered_display": "100"}, "missing_lines": [], "excluded_lines": [], "start_line": 38}, "OrphanedNodeError.__init__": {"executed_lines": [], "summary": {"covered_lines": 0, "num_statements": 5, "percent_covered": 0.0, "percent_covered_display": "0", "missing_lines": 5, "excluded_lines": 0, "percent_statements_covered": 0.0, "percent_statements_covered_display": "0"}, "missing_lines": [58, 59, 60, 61, 62], "excluded_lines": [], "start_line": 57}, "CycleExceededError.__init__": {"executed_lines": [], "summary": {"covered_lines": 0, "num_statements": 5, "percent_covered": 0.0, "percent_covered_display": "0", "missing_lines": 5, "excluded_lines": 0, "percent_statements_covered": 0.0, "percent_statements_covered_display": "0"}, "missing_lines": [79, 80, 84, 85, 86], "excluded_lines": [], "start_line": 78}, "StateSchemaError.__init__": {"executed_lines": [], "summary": {"covered_lines": 0, "num_statements": 5, "percent_covered": 0.0, "percent_covered_display": "0", "missing_lines": 5, "excluded_lines": 0, "percent_statements_covered": 0.0, "percent_statements_covered_display": "0"}, "missing_lines": [103, 104, 107, 108, 109], "excluded_lines": [], "start_line": 102}, "CheckpointNotFoundError.__init__": {"executed_lines": [], "summary": {"covered_lines": 0, "num_statements": 4, "percent_covered": 0.0, "percent_covered_display": "0", "missing_lines": 4, "excluded_lines": 0, "percent_statements_covered": 0.0, "percent_statements_covered_display": "0"}, "missing_lines": [125, 126, 127, 128], "excluded_lines": [], "start_line": 124}, "CheckpointAlreadyExistsError.__init__": {"executed_lines": [], "summary": {"covered_lines": 0, "num_statements": 4, "percent_covered": 0.0, "percent_covered_display": "0", "missing_lines": 4, "excluded_lines": 0, "percent_statements_covered": 0.0, "percent_statements_covered_display": "0"}, "missing_lines": [144, 145, 146, 147], "excluded_lines": [], "start_line": 143}, "TimeoutError.__init__": {"executed_lines": [], "summary": {"covered_lines": 0, "num_statements": 5, "percent_covered": 0.0, "percent_covered_display": "0", "missing_lines": 5, "excluded_lines": 0, "percent_statements_covered": 0.0, "percent_statements_covered_display": "0"}, "missing_lines": [164, 165, 166, 167, 168], "excluded_lines": [], "start_line": 163}, "RetryExhaustedError.__init__": {"executed_lines": [], "summary": {"covered_lines": 0, "num_statements": 6, "percent_covered": 0.0, "percent_covered_display": "0", "missing_lines": 6, "excluded_lines": 0, "percent_statements_covered": 0.0, "percent_statements_covered_display": "0"}, "missing_lines": [192, 193, 196, 197, 198, 199], "excluded_lines": [], "start_line": 185}, "GraphValidationError.__init__": {"executed_lines": [216, 217, 218, 219, 220], "summary": {"covered_lines": 5, "num_statements": 5, "percent_covered": 100.0, "percent_covered_display": "100", "missing_lines": 0, "excluded_lines": 0, "percent_statements_covered": 100.0, "percent_statements_covered_display": "100"}, "missing_lines": [], "excluded_lines": [], "start_line": 215}, "NodeNotFoundError.__init__": {"executed_lines": [235, 236, 237, 238], "summary": {"covered_lines": 4, "num_statements": 4, "percent_covered": 100.0, "percent_covered_display": "100", "missing_lines": 0, "excluded_lines": 0, "percent_statements_covered": 100.0, "percent_statements_covered_display": "100"}, "missing_lines": [], "excluded_lines": [], "start_line": 234}, "InvalidEdgeError.__init__": {"executed_lines": [], "summary": {"covered_lines": 0, "num_statements": 6, "percent_covered": 0.0, "percent_covered_display": "0", "missing_lines": 6, "excluded_lines": 0, "percent_statements_covered": 0.0, "percent_statements_covered_display": "0"}, "missing_lines": [256, 257, 258, 259, 260, 261], "excluded_lines": [], "start_line": 255}, "CircularDependencyError.__init__": {"executed_lines": [], "summary": {"covered_lines": 0, "num_statements": 5, "percent_covered": 0.0, "percent_covered_display": "0", "missing_lines": 5, "excluded_lines": 0, "percent_statements_covered": 0.0, "percent_statements_covered_display": "0"}, "missing_lines": [276, 277, 278, 279, 280], "excluded_lines": [], "start_line": 275}, "": {"executed_lines": [9, 19, 23, 27, 38, 45, 57, 65, 78, 89, 102, 112, 124, 131, 143, 150, 163, 171, 185, 202, 215, 223, 234, 241, 255, 264, 275], "summary": {"covered_lines": 27, "num_statements": 27, "percent_covered": 100.0, "percent_covered_display": "100", "missing_lines": 0, "excluded_lines": 0, "percent_statements_covered": 100.0, "percent_statements_covered_display": "100"}, "missing_lines": [], "excluded_lines": [], "start_line": 1}}, "classes": {"FeatureError": {"executed_lines": [20, 21, 24], "summary": {"covered_lines": 3, "num_statements": 3, "percent_covered": 100.0, "percent_covered_display": "100", "missing_lines": 0, "excluded_lines": 0, "percent_statements_covered": 100.0, "percent_statements_covered_display": "100"}, "missing_lines": [], "excluded_lines": [], "start_line": 9}, "DuplicateNodeError": {"executed_lines": [39, 40, 41, 42], "summary": {"covered_lines": 4, "num_statements": 4, "percent_covered": 100.0, "percent_covered_display": "100", "missing_lines": 0, "excluded_lines": 0, "percent_statements_covered": 100.0, "percent_statements_covered_display": "100"}, "missing_lines": [], "excluded_lines": [], "start_line": 27}, "OrphanedNodeError": {"executed_lines": [], "summary": {"covered_lines": 0, "num_statements": 5, "percent_covered": 0.0, "percent_covered_display": "0", "missing_lines": 5, "excluded_lines": 0, "percent_statements_covered": 0.0, "percent_statements_covered_display": "0"}, "missing_lines": [58, 59, 60, 61, 62], "excluded_lines": [], "start_line": 45}, "CycleExceededError": {"executed_lines": [], "summary": {"covered_lines": 0, "num_statements": 5, "percent_covered": 0.0, "percent_covered_display": "0", "missing_lines": 5, "excluded_lines": 0, "percent_statements_covered": 0.0, "percent_statements_covered_display": "0"}, "missing_lines": [79, 80, 84, 85, 86], "excluded_lines": [], "start_line": 65}, "StateSchemaError": {"executed_lines": [], "summary": {"covered_lines": 0, "num_statements": 5, "percent_covered": 0.0, "percent_covered_display": "0", "missing_lines": 5, "excluded_lines": 0, "percent_statements_covered": 0.0, "percent_statements_covered_display": "0"}, "missing_lines": [103, 104, 107, 108, 109], "excluded_lines": [], "start_line": 89}, "CheckpointNotFoundError": {"executed_lines": [], "summary": {"covered_lines": 0, "num_statements": 4, "percent_covered": 0.0, "percent_covered_display": "0", "missing_lines": 4, "excluded_lines": 0, "percent_statements_covered": 0.0, "percent_statements_covered_display": "0"}, "missing_lines": [125, 126, 127, 128], "excluded_lines": [], "start_line": 112}, "CheckpointAlreadyExistsError": {"executed_lines": [], "summary": {"covered_lines": 0, "num_statements": 4, "percent_covered": 0.0, "percent_covered_display": "0", "missing_lines": 4, "excluded_lines": 0, "percent_statements_covered": 0.0, "percent_statements_covered_display": "0"}, "missing_lines": [144, 145, 146, 147], "excluded_lines": [], "start_line": 131}, "TimeoutError": {"executed_lines": [], "summary": {"covered_lines": 0, "num_statements": 5, "percent_covered": 0.0, "percent_covered_display": "0", "missing_lines": 5, "excluded_lines": 0, "percent_statements_covered": 0.0, "percent_statements_covered_display": "0"}, "missing_lines": [164, 165, 166, 167, 168], "excluded_lines": [], "start_line": 150}, "RetryExhaustedError": {"executed_lines": [], "summary": {"covered_lines": 0, "num_statements": 6, "percent_covered": 0.0, "percent_covered_display": "0", "missing_lines": 6, "excluded_lines": 0, "percent_statements_covered": 0.0, "percent_statements_covered_display": "0"}, "missing_lines": [192, 193, 196, 197, 198, 199], "excluded_lines": [], "start_line": 171}, "GraphValidationError": {"executed_lines": [216, 217, 218, 219, 220], "summary": {"covered_lines": 5, "num_statements": 5, "percent_covered": 100.0, "percent_covered_display": "100", "missing_lines": 0, "excluded_lines": 0, "percent_statements_covered": 100.0, "percent_statements_covered_display": "100"}, "missing_lines": [], "excluded_lines": [], "start_line": 202}, "NodeNotFoundError": {"executed_lines": [235, 236, 237, 238], "summary": {"covered_lines": 4, "num_statements": 4, "percent_covered": 100.0, "percent_covered_display": "100", "missing_lines": 0, "excluded_lines": 0, "percent_statements_covered": 100.0, "percent_statements_covered_display": "100"}, "missing_lines": [], "excluded_lines": [], "start_line": 223}, "InvalidEdgeError": {"executed_lines": [], "summary": {"covered_lines": 0, "num_statements": 6, "percent_covered": 0.0, "percent_covered_display": "0", "missing_lines": 6, "excluded_lines": 0, "percent_statements_covered": 0.0, "percent_statements_covered_display": "0"}, "missing_lines": [256, 257, 258, 259, 260, 261], "excluded_lines": [], "start_line": 241}, "CircularDependencyError": {"executed_lines": [], "summary": {"covered_lines": 0, "num_statements": 5, "percent_covered": 0.0, "percent_covered_display": "0", "missing_lines": 5, "excluded_lines": 0, "percent_statements_covered": 0.0, "percent_statements_covered_display": "0"}, "missing_lines": [276, 277, 278, 279, 280], "excluded_lines": [], "start_line": 264}, "": {"executed_lines": [9, 19, 23, 27, 38, 45, 57, 65, 78, 89, 102, 112, 124, 131, 143, 150, 163, 171, 185, 202, 215, 223, 234, 241, 255, 264, 275], "summary": {"covered_lines": 27, "num_statements": 27, "percent_covered": 100.0, "percent_covered_display": "100", "missing_lines": 0, "excluded_lines": 0, "percent_statements_covered": 100.0, "percent_statements_covered_display": "100"}, "missing_lines": [], "excluded_lines": [], "start_line": 1}}}, "implement/feature-10-langgraph/03-implement/ml_langgraph/executor.py": {"executed_lines": [7, 8, 9, 10, 11, 12, 15, 17, 20, 23, 24, 25, 28, 29, 44, 45, 48, 49, 59, 60, 61, 64, 65, 78, 79, 80, 81, 84, 94, 102, 103, 104, 105, 106, 109, 110, 111, 112, 114, 132, 133, 136, 137, 140, 142, 144, 157, 163, 164, 166, 171, 173, 174, 177, 179, 180, 181, 182, 184, 189, 203, 204, 206, 208, 209, 210, 211, 213, 219, 221, 223, 224, 229, 230, 234, 262, 281, 347, 366, 367, 368, 371, 379, 383, 388, 390, 397, 399, 402, 403, 404, 405, 407, 408, 411, 417, 420, 425, 438, 443, 446, 448, 450, 452, 460, 463, 464, 465, 467, 469, 476, 478, 494, 497, 499, 501, 503, 505, 507, 530], "summary": {"covered_lines": 120, "num_statements": 195, "percent_covered": 61.53846153846154, "percent_covered_display": "62", "missing_lines": 75, "excluded_lines": 0, "percent_statements_covered": 61.53846153846154, "percent_statements_covered_display": "62"}, "missing_lines": [139, 151, 153, 154, 155, 186, 187, 225, 226, 231, 232, 249, 250, 252, 253, 254, 257, 258, 259, 260, 269, 270, 274, 275, 276, 277, 278, 279, 295, 296, 298, 299, 301, 303, 304, 305, 308, 310, 312, 313, 314, 315, 316, 317, 325, 327, 328, 329, 331, 332, 333, 338, 339, 409, 415, 418, 421, 422, 423, 426, 428, 429, 435, 436, 439, 440, 441, 444, 461, 495, 514, 515, 516, 528, 531], "excluded_lines": [], "functions": {"GraphRunner.__init__": {"executed_lines": [102, 103, 104, 105, 106, 109, 110, 111, 112], "summary": {"covered_lines": 9, "num_statements": 9, "percent_covered": 100.0, "percent_covered_display": "100", "missing_lines": 0, "excluded_lines": 0, "percent_statements_covered": 100.0, "percent_statements_covered_display": "100"}, "missing_lines": [], "excluded_lines": [], "start_line": 94}, "GraphRunner.invoke": {"executed_lines": [132, 133, 136, 137, 140, 142], "summary": {"covered_lines": 6, "num_statements": 7, "percent_covered": 85.71428571428571, "percent_covered_display": "86", "missing_lines": 1, "excluded_lines": 0, "percent_statements_covered": 85.71428571428571, "percent_statements_covered_display": "86"}, "missing_lines": [139], "excluded_lines": [], "start_line": 114}, "GraphRunner._invoke_sync_wrapper": {"executed_lines": [], "summary": {"covered_lines": 0, "num_statements": 4, "percent_covered": 0.0, "percent_covered_display": "0", "missing_lines": 4, "excluded_lines": 0, "percent_statements_covered": 0.0, "percent_statements_covered_display": "0"}, "missing_lines": [151, 153, 154, 155], "excluded_lines": [], "start_line": 144}, "GraphRunner._invoke_async": {"executed_lines": [163, 164, 166, 171, 173, 174, 177, 179, 180, 181, 182, 184], "summary": {"covered_lines": 12, "num_statements": 14, "percent_covered": 85.71428571428571, "percent_covered_display": "86", "missing_lines": 2, "excluded_lines": 0, "percent_statements_covered": 85.71428571428571, "percent_statements_covered_display": "86"}, "missing_lines": [186, 187], "excluded_lines": [], "start_line": 157}, "GraphRunner.stream": {"executed_lines": [203, 204], "summary": {"covered_lines": 2, "num_statements": 2, "percent_covered": 100.0, "percent_covered_display": "100", "missing_lines": 0, "excluded_lines": 0, "percent_statements_covered": 100.0, "percent_statements_covered_display": "100"}, "missing_lines": [], "excluded_lines": [], "start_line": 189}, "GraphRunner._collect_stream": {"executed_lines": [208, 209, 210, 211], "summary": {"covered_lines": 4, "num_statements": 4, "percent_covered": 100.0, "percent_covered_display": "100", "missing_lines": 0, "excluded_lines": 0, "percent_statements_covered": 100.0, "percent_statements_covered_display": "100"}, "missing_lines": [], "excluded_lines": [], "start_line": 206}, "GraphRunner._stream_async": {"executed_lines": [219, 221, 223, 224, 229, 230], "summary": {"covered_lines": 6, "num_statements": 10, "percent_covered": 60.0, "percent_covered_display": "60", "missing_lines": 4, "excluded_lines": 0, "percent_statements_covered": 60.0, "percent_statements_covered_display": "60"}, "missing_lines": [225, 226, 231, 232], "excluded_lines": [], "start_line": 213}, "GraphRunner.resume": {"executed_lines": [], "summary": {"covered_lines": 0, "num_statements": 9, "percent_covered": 0.0, "percent_covered_display": "0", "missing_lines": 9, "excluded_lines": 0, "percent_statements_covered": 0.0, "percent_statements_covered_display": "0"}, "missing_lines": [249, 250, 252, 253, 254, 257, 258, 259, 260], "excluded_lines": [], "start_line": 234}, "GraphRunner._resume_async": {"executed_lines": [], "summary": {"covered_lines": 0, "num_statements": 8, "percent_covered": 0.0, "percent_covered_display": "0", "missing_lines": 8, "excluded_lines": 0, "percent_statements_covered": 0.0, "percent_statements_covered_display": "0"}, "missing_lines": [269, 270, 274, 275, 276, 277, 278, 279], "excluded_lines": [], "start_line": 262}, "GraphRunner._execute_node": {"executed_lines": [], "summary": {"covered_lines": 0, "num_statements": 25, "percent_covered": 0.0, "percent_covered_display": "0", "missing_lines": 25, "excluded_lines": 0, "percent_statements_covered": 0.0, "percent_statements_covered_display": "0"}, "missing_lines": [295, 296, 298, 299, 301, 303, 304, 305, 308, 310, 312, 313, 314, 315, 316, 317, 325, 327, 328, 329, 331, 332, 333, 338, 339], "excluded_lines": [], "start_line": 281}, "GraphRunner._handle_node_error": {"executed_lines": [366, 367, 368, 371, 379, 383, 388], "summary": {"covered_lines": 7, "num_statements": 7, "percent_covered": 100.0, "percent_covered_display": "100", "missing_lines": 0, "excluded_lines": 0, "percent_statements_covered": 100.0, "percent_statements_covered_display": "100"}, "missing_lines": [], "excluded_lines": [], "start_line": 347}, "GraphRunner._make_langchain_callback": {"executed_lines": [397, 399, 402, 407, 408, 411, 417, 420, 425, 438, 443, 446], "summary": {"covered_lines": 12, "num_statements": 12, "percent_covered": 100.0, "percent_covered_display": "100", "missing_lines": 0, "excluded_lines": 0, "percent_statements_covered": 100.0, "percent_statements_covered_display": "100"}, "missing_lines": [], "excluded_lines": [], "start_line": 390}, "GraphRunner._make_langchain_callback.ExecutionCallbackHandler.__init__": {"executed_lines": [403, 404, 405], "summary": {"covered_lines": 3, "num_statements": 3, "percent_covered": 100.0, "percent_covered_display": "100", "missing_lines": 0, "excluded_lines": 0, "percent_statements_covered": 100.0, "percent_statements_covered_display": "100"}, "missing_lines": [], "excluded_lines": [], "start_line": 402}, "GraphRunner._make_langchain_callback.ExecutionCallbackHandler.always_verbose": {"executed_lines": [], "summary": {"covered_lines": 0, "num_statements": 1, "percent_covered": 0.0, "percent_covered_display": "0", "missing_lines": 1, "excluded_lines": 0, "percent_statements_covered": 0.0, "percent_statements_covered_display": "0"}, "missing_lines": [409], "excluded_lines": [], "start_line": 408}, "GraphRunner._make_langchain_callback.ExecutionCallbackHandler.on_chain_start": {"executed_lines": [], "summary": {"covered_lines": 0, "num_statements": 1, "percent_covered": 0.0, "percent_covered_display": "0", "missing_lines": 1, "excluded_lines": 0, "percent_statements_covered": 0.0, "percent_statements_covered_display": "0"}, "missing_lines": [415], "excluded_lines": [], "start_line": 411}, "GraphRunner._make_langchain_callback.ExecutionCallbackHandler.on_chain_end": {"executed_lines": [], "summary": {"covered_lines": 0, "num_statements": 1, "percent_covered": 0.0, "percent_covered_display": "0", "missing_lines": 1, "excluded_lines": 0, "percent_statements_covered": 0.0, "percent_statements_covered_display": "0"}, "missing_lines": [418], "excluded_lines": [], "start_line": 417}, "GraphRunner._make_langchain_callback.ExecutionCallbackHandler.on_node_start": {"executed_lines": [], "summary": {"covered_lines": 0, "num_statements": 3, "percent_covered": 0.0, "percent_covered_display": "0", "missing_lines": 3, "excluded_lines": 0, "percent_statements_covered": 0.0, "percent_statements_covered_display": "0"}, "missing_lines": [421, 422, 423], "excluded_lines": [], "start_line": 420}, "GraphRunner._make_langchain_callback.ExecutionCallbackHandler.on_node_end": {"executed_lines": [], "summary": {"covered_lines": 0, "num_statements": 5, "percent_covered": 0.0, "percent_covered_display": "0", "missing_lines": 5, "excluded_lines": 0, "percent_statements_covered": 0.0, "percent_statements_covered_display": "0"}, "missing_lines": [426, 428, 429, 435, 436], "excluded_lines": [], "start_line": 425}, "GraphRunner._make_langchain_callback.ExecutionCallbackHandler.on_tool_error": {"executed_lines": [], "summary": {"covered_lines": 0, "num_statements": 3, "percent_covered": 0.0, "percent_covered_display": "0", "missing_lines": 3, "excluded_lines": 0, "percent_statements_covered": 0.0, "percent_statements_covered_display": "0"}, "missing_lines": [439, 440, 441], "excluded_lines": [], "start_line": 438}, "GraphRunner._make_langchain_callback.ExecutionCallbackHandler.on_text": {"executed_lines": [], "summary": {"covered_lines": 0, "num_statements": 1, "percent_covered": 0.0, "percent_covered_display": "0", "missing_lines": 1, "excluded_lines": 0, "percent_statements_covered": 0.0, "percent_statements_covered_display": "0"}, "missing_lines": [444], "excluded_lines": [], "start_line": 443}, "GraphRunner._reset_profiling": {"executed_lines": [450], "summary": {"covered_lines": 1, "num_statements": 1, "percent_covered": 100.0, "percent_covered_display": "100", "missing_lines": 0, "excluded_lines": 0, "percent_statements_covered": 100.0, "percent_statements_covered_display": "100"}, "missing_lines": [], "excluded_lines": [], "start_line": 448}, "GraphRunner.get_profiling_data": {"executed_lines": [460, 463, 464, 465, 467], "summary": {"covered_lines": 5, "num_statements": 6, "percent_covered": 83.33333333333333, "percent_covered_display": "83", "missing_lines": 1, "excluded_lines": 0, "percent_statements_covered": 83.33333333333333, "percent_statements_covered_display": "83"}, "missing_lines": [461], "excluded_lines": [], "start_line": 452}, "GraphRunner.set_checkpoint_manager": {"executed_lines": [476], "summary": {"covered_lines": 1, "num_statements": 1, "percent_covered": 100.0, "percent_covered_display": "100", "missing_lines": 0, "excluded_lines": 0, "percent_statements_covered": 100.0, "percent_statements_covered_display": "100"}, "missing_lines": [], "excluded_lines": [], "start_line": 469}, "GraphRunner.checkpoint_current_state": {"executed_lines": [494, 497, 499, 501, 503, 505], "summary": {"covered_lines": 6, "num_statements": 7, "percent_covered": 85.71428571428571, "percent_covered_display": "86", "missing_lines": 1, "excluded_lines": 0, "percent_statements_covered": 85.71428571428571, "percent_statements_covered_display": "86"}, "missing_lines": [495], "excluded_lines": [], "start_line": 478}, "GraphRunner.get_execution_history": {"executed_lines": [], "summary": {"covered_lines": 0, "num_statements": 4, "percent_covered": 0.0, "percent_covered_display": "0", "missing_lines": 4, "excluded_lines": 0, "percent_statements_covered": 0.0, "percent_statements_covered_display": "0"}, "missing_lines": [514, 515, 516, 528], "excluded_lines": [], "start_line": 507}, "GraphRunner.__repr__": {"executed_lines": [], "summary": {"covered_lines": 0, "num_statements": 1, "percent_covered": 0.0, "percent_covered_display": "0", "missing_lines": 1, "excluded_lines": 0, "percent_statements_covered": 0.0, "percent_statements_covered_display": "0"}, "missing_lines": [531], "excluded_lines": [], "start_line": 530}, "": {"executed_lines": [7, 8, 9, 10, 11, 12, 15, 17, 20, 23, 24, 25, 28, 29, 44, 45, 48, 49, 59, 60, 61, 64, 65, 78, 79, 80, 81, 84, 94, 114, 144, 157, 189, 206, 213, 234, 262, 281, 347, 390, 448, 452, 469, 478, 507, 530], "summary": {"covered_lines": 46, "num_statements": 46, "percent_covered": 100.0, "percent_covered_display": "100", "missing_lines": 0, "excluded_lines": 0, "percent_statements_covered": 100.0, "percent_statements_covered_display": "100"}, "missing_lines": [], "excluded_lines": [], "start_line": 1}}, "classes": {"ExecutionStatus": {"executed_lines": [], "summary": {"covered_lines": 0, "num_statements": 0, "percent_covered": 100.0, "percent_covered_display": "100", "missing_lines": 0, "excluded_lines": 0, "percent_statements_covered": 100.0, "percent_statements_covered_display": "100"}, "missing_lines": [], "excluded_lines": [], "start_line": 20}, "ExecutionResult": {"executed_lines": [], "summary": {"covered_lines": 0, "num_statements": 0, "percent_covered": 100.0, "percent_covered_display": "100", "missing_lines": 0, "excluded_lines": 0, "percent_statements_covered": 100.0, "percent_statements_covered_display": "100"}, "missing_lines": [], "excluded_lines": [], "start_line": 29}, "ExecutionConfig": {"executed_lines": [], "summary": {"covered_lines": 0, "num_statements": 0, "percent_covered": 100.0, "percent_covered_display": "100", "missing_lines": 0, "excluded_lines": 0, "percent_statements_covered": 100.0, "percent_statements_covered_display": "100"}, "missing_lines": [], "excluded_lines": [], "start_line": 49}, "ExecutionCallbacks": {"executed_lines": [], "summary": {"covered_lines": 0, "num_statements": 0, "percent_covered": 100.0, "percent_covered_display": "100", "missing_lines": 0, "excluded_lines": 0, "percent_statements_covered": 100.0, "percent_statements_covered_display": "100"}, "missing_lines": [], "excluded_lines": [], "start_line": 65}, "GraphRunner": {"executed_lines": [102, 103, 104, 105, 106, 109, 110, 111, 112, 132, 133, 136, 137, 140, 142, 163, 164, 166, 171, 173, 174, 177, 179, 180, 181, 182, 184, 203, 204, 208, 209, 210, 211, 219, 221, 223, 224, 229, 230, 366, 367, 368, 371, 379, 383, 388, 397, 399, 402, 407, 408, 411, 417, 420, 425, 438, 443, 446, 450, 460, 463, 464, 465, 467, 476, 494, 497, 499, 501, 503, 505], "summary": {"covered_lines": 71, "num_statements": 131, "percent_covered": 54.19847328244275, "percent_covered_display": "54", "missing_lines": 60, "excluded_lines": 0, "percent_statements_covered": 54.19847328244275, "percent_statements_covered_display": "54"}, "missing_lines": [139, 151, 153, 154, 155, 186, 187, 225, 226, 231, 232, 249, 250, 252, 253, 254, 257, 258, 259, 260, 269, 270, 274, 275, 276, 277, 278, 279, 295, 296, 298, 299, 301, 303, 304, 305, 308, 310, 312, 313, 314, 315, 316, 317, 325, 327, 328, 329, 331, 332, 333, 338, 339, 461, 495, 514, 515, 516, 528, 531], "excluded_lines": [], "start_line": 84}, "GraphRunner._make_langchain_callback.ExecutionCallbackHandler": {"executed_lines": [403, 404, 405], "summary": {"covered_lines": 3, "num_statements": 18, "percent_covered": 16.666666666666668, "percent_covered_display": "17", "missing_lines": 15, "excluded_lines": 0, "percent_statements_covered": 16.666666666666668, "percent_statements_covered_display": "17"}, "missin
[...]
, 137, 155, 162, 163, 164, 165, 166, 168, 169, 170, 172, 173, 174, 176, 178, 179, 181, 195, 196, 201, 202, 205, 206, 208, 210, 220, 221, 223, 224, 226, 229, 230, 232, 233, 234, 235, 236, 238, 239, 240, 241, 242, 244, 265, 269, 272, 273, 275, 279, 282, 283, 285, 287, 304, 307, 308, 309, 311, 312, 314, 315, 318, 319, 321, 323, 334, 337, 338, 339, 341, 348, 350, 360, 361, 362, 364, 368, 369, 396, 397, 398, 399, 400, 401, 403, 405, 411, 412, 413, 416, 430, 433, 434, 435, 436, 438, 439, 442, 444, 445, 446, 448, 449, 451, 458, 460], "summary": {"covered_lines": 173, "num_statements": 180, "percent_covered": 96.11111111111111, "percent_covered_display": "96", "missing_lines": 7, "excluded_lines": 0, "percent_statements_covered": 96.11111111111111, "percent_statements_covered_display": "96"}, "missing_lines": [266, 270, 280, 305, 335, 447, 467], "excluded_lines": [], "functions": {"SpanEvent.to_dict": {"executed_lines": [45], "summary": {"covered_lines": 1, "num_statements": 1, "percent_covered": 100.0, "percent_covered_display": "100", "missing_lines": 0, "excluded_lines": 0, "percent_statements_covered": 100.0, "percent_statements_covered_display": "100"}, "missing_lines": [], "excluded_lines": [], "start_line": 44}, "Span.duration_ms": {"executed_lines": [67, 68, 69, 70], "summary": {"covered_lines": 4, "num_statements": 4, "percent_covered": 100.0, "percent_covered_display": "100", "missing_lines": 0, "excluded_lines": 0, "percent_statements_covered": 100.0, "percent_statements_covered_display": "100"}, "missing_lines": [], "excluded_lines": [], "start_line": 65}, "Span.add_event": {"executed_lines": [74], "summary": {"covered_lines": 1, "num_statements": 1, "percent_covered": 100.0, "percent_covered_display": "100", "missing_lines": 0, "excluded_lines": 0, "percent_statements_covered": 100.0, "percent_statements_covered_display": "100"}, "missing_lines": [], "excluded_lines": [], "start_line": 72}, "Span.to_dict": {"executed_lines": [77], "summary": {"covered_lines": 1, "num_statements": 1, "percent_covered": 100.0, "percent_covered_display": "100", "missing_lines": 0, "excluded_lines": 0, "percent_statements_covered": 100.0, "percent_statements_covered_display": "100"}, "missing_lines": [], "excluded_lines": [], "start_line": 76}, "TraceRecord.add_span": {"executed_lines": [104], "summary": {"covered_lines": 1, "num_statements": 1, "percent_covered": 100.0, "percent_covered_display": "100", "missing_lines": 0, "excluded_lines": 0, "percent_statements_covered": 100.0, "percent_statements_covered_display": "100"}, "missing_lines": [], "excluded_lines": [], "start_line": 102}, "TraceRecord.get_span": {"executed_lines": [108, 109, 110, 111], "summary": {"covered_lines": 4, "num_statements": 4, "percent_covered": 100.0, "percent_covered_display": "100", "missing_lines": 0, "excluded_lines": 0, "percent_statements_covered": 100.0, "percent_statements_covered_display": "100"}, "missing_lines": [], "excluded_lines": [], "start_line": 106}, "TraceRecord.get_root_spans": {"executed_lines": [115], "summary": {"covered_lines": 1, "num_statements": 1, "percent_covered": 100.0, "percent_covered_display": "100", "missing_lines": 0, "excluded_lines": 0, "percent_statements_covered": 100.0, "percent_statements_covered_display": "100"}, "missing_lines": [], "excluded_lines": [], "start_line": 113}, "TraceRecord.finalize": {"executed_lines": [119, 120, 121, 122], "summary": {"covered_lines": 4, "num_statements": 4, "percent_covered": 100.0, "percent_covered_display": "100", "missing_lines": 0, "excluded_lines": 0, "percent_statements_covered": 100.0, "percent_statements_covered_display": "100"}, "missing_lines": [], "excluded_lines": [], "start_line": 117}, "TraceRecord.to_dict": {"executed_lines": [125], "summary": {"covered_lines": 1, "num_statements": 1, "percent_covered": 100.0, "percent_covered_display": "100", "missing_lines": 0, "excluded_lines": 0, "percent_statements_covered": 100.0, "percent_statements_covered_display": "100"}, "missing_lines": [], "excluded_lines": [], "start_line": 124}, "ExecutionTracer.__init__": {"executed_lines": [162, 163, 164, 165, 166], "summary": {"covered_lines": 5, "num_statements": 5, "percent_covered": 100.0, "percent_covered_display": "100", "missing_lines": 0, "excluded_lines": 0, "percent_statements_covered": 100.0, "percent_statements_covered_display": "100"}, "missing_lines": [], "excluded_lines": [], "start_line": 155}, "ExecutionTracer.enable_profiling": {"executed_lines": [174], "summary": {"covered_lines": 1, "num_statements": 1, "percent_covered": 100.0, "percent_covered_display": "100", "missing_lines": 0, "excluded_lines": 0, "percent_statements_covered": 100.0, "percent_statements_covered_display": "100"}, "missing_lines": [], "excluded_lines": [], "start_line": 173}, "ExecutionTracer._generate_id": {"executed_lines": [178, 179], "summary": {"covered_lines": 2, "num_statements": 2, "percent_covered": 100.0, "percent_covered_display": "100", "missing_lines": 0, "excluded_lines": 0, "percent_statements_covered": 100.0, "percent_statements_covered_display": "100"}, "missing_lines": [], "excluded_lines": [], "start_line": 176}, "ExecutionTracer.start_trace": {"executed_lines": [195, 196, 201, 202, 205, 206, 208], "summary": {"covered_lines": 7, "num_statements": 7, "percent_covered": 100.0, "percent_covered_display": "100", "missing_lines": 0, "excluded_lines": 0, "percent_statements_covered": 100.0, "percent_statements_covered_display": "100"}, "missing_lines": [], "excluded_lines": [], "start_line": 181}, "ExecutionTracer.end_trace": {"executed_lines": [220, 221, 223, 224, 226, 229, 230, 232, 233, 234, 235, 236, 238, 239, 240, 241, 242], "summary": {"covered_lines": 17, "num_statements": 17, "percent_covered": 100.0, "percent_covered_display": "100", "missing_lines": 0, "excluded_lines": 0, "percent_statements_covered": 100.0, "percent_statements_covered_display": "100"}, "missing_lines": [], "excluded_lines": [], "start_line": 210}, "ExecutionTracer.start_span": {"executed_lines": [265, 269, 272, 273, 275, 279, 282, 283, 285], "summary": {"covered_lines": 9, "num_statements": 12, "percent_covered": 75.0, "percent_covered_display": "75", "missing_lines": 3, "excluded_lines": 0, "percent_statements_covered": 75.0, "percent_statements_covered_display": "75"}, "missing_lines": [266, 270, 280], "excluded_lines": [], "start_line": 244}, "ExecutionTracer.end_span": {"executed_lines": [304, 307, 308, 309, 311, 312, 314, 315, 318, 319, 321], "summary": {"covered_lines": 11, "num_statements": 12, "percent_covered": 91.66666666666667, "percent_covered_display": "92", "missing_lines": 1, "excluded_lines": 0, "percent_statements_covered": 91.66666666666667, "percent_statements_covered_display": "92"}, "missing_lines": [305], "excluded_lines": [], "start_line": 287}, "ExecutionTracer.add_event": {"executed_lines": [334, 337, 338, 339], "summary": {"covered_lines": 4, "num_statements": 5, "percent_covered": 80.0, "percent_covered_display": "80", "missing_lines": 1, "excluded_lines": 0, "percent_statements_covered": 80.0, "percent_statements_covered_display": "80"}, "missing_lines": [335], "excluded_lines": [], "start_line": 323}, "ExecutionTracer.get_trace": {"executed_lines": [348], "summary": {"covered_lines": 1, "num_statements": 1, "percent_covered": 100.0, "percent_covered_display": "100", "missing_lines": 0, "excluded_lines": 0, "percent_statements_covered": 100.0, "percent_statements_covered_display": "100"}, "missing_lines": [], "excluded_lines": [], "start_line": 341}, "ExecutionTracer.to_json": {"executed_lines": [360, 361, 362, 364], "summary": {"covered_lines": 4, "num_statements": 4, "percent_covered": 100.0, "percent_covered_display": "100", "missing_lines": 0, "excluded_lines": 0, "percent_statements_covered": 100.0, "percent_statements_covered_display": "100"}, "missing_lines": [], "excluded_lines": [], "start_line": 350}, "ExecutionTracer.span": {"executed_lines": [396, 397, 398, 399, 400, 401, 403], "summary": {"covered_lines": 7, "num_statements": 7, "percent_covered": 100.0, "percent_covered_display": "100", "missing_lines": 0, "excluded_lines": 0, "percent_statements_covered": 100.0, "percent_statements_covered_display": "100"}, "missing_lines": [], "excluded_lines": [], "start_line": 369}, "ExecutionTracer.clear": {"executed_lines": [411, 412, 413], "summary": {"covered_lines": 3, "num_statements": 3, "percent_covered": 100.0, "percent_covered_display": "100", "missing_lines": 0, "excluded_lines": 0, "percent_statements_covered": 100.0, "percent_statements_covered_display": "100"}, "missing_lines": [], "excluded_lines": [], "start_line": 405}, "TraceContext.__init__": {"executed_lines": [433, 434, 435, 436], "summary": {"covered_lines": 4, "num_statements": 4, "percent_covered": 100.0, "percent_covered_display": "100", "missing_lines": 0, "excluded_lines": 0, "percent_statements_covered": 100.0, "percent_statements_covered_display": "100"}, "missing_lines": [], "excluded_lines": [], "start_line": 430}, "TraceContext.__enter__": {"executed_lines": [439, 442], "summary": {"covered_lines": 2, "num_statements": 2, "percent_covered": 100.0, "percent_covered_display": "100", "missing_lines": 0, "excluded_lines": 0, "percent_statements_covered": 100.0, "percent_statements_covered_display": "100"}, "missing_lines": [], "excluded_lines": [], "start_line": 438}, "TraceContext.__exit__": {"executed_lines": [445, 446, 448, 449], "summary": {"covered_lines": 4, "num_statements": 5, "percent_covered": 80.0, "percent_covered_display": "80", "missing_lines": 1, "excluded_lines": 0, "percent_statements_covered": 80.0, "percent_statements_covered_display": "80"}, "missing_lines": [447], "excluded_lines": [], "start_line": 444}, "TraceContext.span": {"executed_lines": [458], "summary": {"covered_lines": 1, "num_statements": 1, "percent_covered": 100.0, "percent_covered_display": "100", "missing_lines": 0, "excluded_lines": 0, "percent_statements_covered": 100.0, "percent_statements_covered_display": "100"}, "missing_lines": [], "excluded_lines": [], "start_line": 451}, "TraceContext.end_span": {"executed_lines": [], "summary": {"covered_lines": 0, "num_statements": 1, "percent_covered": 0.0, "percent_covered_display": "0", "missing_lines": 1, "excluded_lines": 0, "percent_statements_covered": 0.0, "percent_statements_covered_display": "0"}, "missing_lines": [467], "excluded_lines": [], "start_line": 460}, "": {"executed_lines": [10, 12, 13, 14, 15, 16, 17, 18, 19, 22, 25, 26, 27, 31, 32, 33, 36, 37, 40, 41, 42, 44, 52, 53, 56, 57, 58, 59, 60, 61, 62, 63, 65, 72, 76, 90, 91, 94, 95, 96, 97, 98, 99, 100, 102, 106, 113, 117, 124, 137, 155, 168, 169, 172, 173, 176, 181, 210, 244, 287, 323, 341, 350, 368, 369, 405, 416, 430, 438, 444, 451, 460], "summary": {"covered_lines": 72, "num_statements": 72, "percent_covered": 100.0, "percent_covered_display": "100", "missing_lines": 0, "excluded_lines": 0, "percent_statements_covered": 100.0, "percent_statements_covered_display": "100"}, "missing_lines": [], "excluded_lines": [], "start_line": 1}}, "classes": {"SpanStatus": {"executed_lines": [], "summary": {"covered_lines": 0, "num_statements": 0, "percent_covered": 100.0, "percent_covered_display": "100", "missing_lines": 0, "excluded_lines": 0, "percent_statements_covered": 100.0, "percent_statements_covered_display": "100"}, "missing_lines": [], "excluded_lines": [], "start_line": 22}, "SpanEvent": {"executed_lines": [45], "summary": {"covered_lines": 1, "num_statements": 1, "percent_covered": 100.0, "percent_covered_display": "100", "missing_lines": 0, "excluded_lines": 0, "percent_statements_covered": 100.0, "percent_statements_covered_display": "100"}, "missing_lines": [], "excluded_lines": [], "start_line": 37}, "Span": {"executed_lines": [67, 68, 69, 70, 74, 77], "summary": {"covered_lines": 6, "num_statements": 6, "percent_covered": 100.0, "percent_covered_display": "100", "missing_lines": 0, "excluded_lines": 0, "percent_statements_covered": 100.0, "percent_statements_covered_display": "100"}, "missing_lines": [], "excluded_lines": [], "start_line": 53}, "TraceRecord": {"executed_lines": [104, 108, 109, 110, 111, 115, 119, 120, 121, 122, 125], "summary": {"covered_lines": 11, "num_statements": 11, "percent_covered": 100.0, "percent_covered_display": "100", "missing_lines": 0, "excluded_lines": 0, "percent_statements_covered": 100.0, "percent_statements_covered_display": "100"}, "missing_lines": [], "excluded_lines": [], "start_line": 91}, "ExecutionTracer": {"executed_lines": [162, 163, 164, 165, 166, 170, 174, 178, 179, 195, 196, 201, 202, 205, 206, 208, 220, 221, 223, 224, 226, 229, 230, 232, 233, 234, 235, 236, 238, 239, 240, 241, 242, 265, 269, 272, 273, 275, 279, 282, 283, 285, 304, 307, 308, 309, 311, 312, 314, 315, 318, 319, 321, 334, 337, 338, 339, 348, 360, 361, 362, 364, 396, 397, 398, 399, 400, 401, 403, 411, 412, 413], "summary": {"covered_lines": 72, "num_statements": 77, "percent_covered": 93.50649350649351, "percent_covered_display": "94", "missing_lines": 5, "excluded_lines": 0, "percent_statements_covered": 93.50649350649351, "percent_statements_covered_display": "94"}, "missing_lines": [266, 270, 280, 305, 335], "excluded_lines": [], "start_line": 137}, "TraceContext": {"executed_lines": [433, 434, 435, 436, 439, 442, 445, 446, 448, 449, 458], "summary": {"covered_lines": 11, "num_statements": 13, "percent_covered": 84.61538461538461, "percent_covered_display": "85", "missing_lines": 2, "excluded_lines": 0, "percent_statements_covered": 84.61538461538461, "percent_statements_covered_display": "85"}, "missing_lines": [447, 467], "excluded_lines": [], "start_line": 416}, "": {"executed_lines": [10, 12, 13, 14, 15, 16, 17, 18, 19, 22, 25, 26, 27, 31, 32, 33, 36, 37, 40, 41, 42, 44, 52, 53, 56, 57, 58, 59, 60, 61, 62, 63, 65, 72, 76, 90, 91, 94, 95, 96, 97, 98, 99, 100, 102, 106, 113, 117, 124, 137, 155, 168, 169, 172, 173, 176, 181, 210, 244, 287, 323, 341, 350, 368, 369, 405, 416, 430, 438, 444, 451, 460], "summary": {"covered_lines": 72, "num_statements": 72, "percent_covered": 100.0, "percent_covered_display": "100", "missing_lines": 0, "excluded_lines": 0, "percent_statements_covered": 100.0, "percent_statements_covered_display": "100"}, "missing_lines": [], "excluded_lines": [], "start_line": 1}}}, "implement/feature-10-langgraph/03-implement/ml_langgraph/utils.py": {"executed_lines": [], "summary": {"covered_lines": 0, "num_statements": 100, "percent_covered": 0.0, "percent_covered_display": "0", "missing_lines": 100, "excluded_lines": 0, "percent_statements_covered": 0.0, "percent_statements_covered_display": "0"}, "missing_lines": [5, 7, 8, 9, 10, 11, 12, 14, 21, 30, 31, 32, 33, 41, 55, 56, 58, 59, 60, 66, 68, 69, 77, 90, 91, 92, 94, 95, 96, 98, 99, 100, 102, 104, 105, 106, 108, 109, 110, 111, 112, 114, 115, 116, 117, 125, 135, 136, 137, 138, 139, 147, 156, 157, 158, 159, 160, 161, 162, 163, 164, 165, 166, 167, 168, 169, 177, 190, 192, 193, 195, 196, 197, 198, 199, 206, 214, 227, 228, 232, 233, 234, 235, 236, 237, 249, 260, 261, 262, 263, 265, 266, 267, 268, 271, 273, 274, 275, 276, 277], "excluded_lines": [], "functions": {"generate_id": {"executed_lines": [], "summary": {"covered_lines": 0, "num_statements": 4, "percent_covered": 0.0, "percent_covered_display": "0", "missing_lines": 4, "excluded_lines": 0, "percent_statements_covered": 0.0, "percent_statements_covered_display": "0"}, "missing_lines": [30, 31, 32, 33], "excluded_lines": [], "start_line": 21}, "merge_state": {"executed_lines": [], "summary": {"covered_lines": 0, "num_statements": 8, "percent_covered": 0.0, "percent_covered_display": "0", "missing_lines": 8, "excluded_lines": 0, "percent_statements_covered": 0.0, "percent_statements_covered_display": "0"}, "missing_lines": [55, 56, 58, 59, 60, 66, 68, 69], "excluded_lines": [], "start_line": 41}, "validate_node_signature": {"executed_lines": [], "summary": {"covered_lines": 0, "num_statements": 22, "percent_covered": 0.0, "percent_covered_display": "0", "missing_lines": 22, "excluded_lines": 0, "percent_statements_covered": 0.0, "percent_statements_covered_display": "0"}, "missing_lines": [90, 91, 92, 94, 95, 96, 98, 99, 100, 102, 104, 105, 106, 108, 109, 110, 111, 112, 114, 115, 116, 117], "excluded_lines": [], "start_line": 77}, "get_node_retry_policy": {"executed_lines": [], "summary": {"covered_lines": 0, "num_statements": 5, "percent_covered": 0.0, "percent_covered_display": "0", "missing_lines": 5, "excluded_lines": 0, "percent_statements_covered": 0.0, "percent_statements_covered_display": "0"}, "missing_lines": [135, 136, 137, 138, 139], "excluded_lines": [], "start_line": 125}, "format_duration": {"executed_lines": [], "summary": {"covered_lines": 0, "num_statements": 14, "percent_covered": 0.0, "percent_covered_display": "0", "missing_lines": 14, "excluded_lines": 0, "percent_statements_covered": 0.0, "percent_statements_covered_display": "0"}, "missing_lines": [156, 157, 158, 159, 160, 161, 162, 163, 164, 165, 166, 167, 168, 169], "excluded_lines": [], "start_line": 147}, "sanitize_node_name": {"executed_lines": [], "summary": {"covered_lines": 0, "num_statements": 8, "percent_covered": 0.0, "percent_covered_display": "0", "missing_lines": 8, "excluded_lines": 0, "percent_statements_covered": 0.0, "percent_statements_covered_display": "0"}, "missing_lines": [190, 192, 193, 195, 196, 197, 198, 199], "excluded_lines": [], "start_line": 177}, "import_langgraph_checkpointer": {"executed_lines": [], "summary": {"covered_lines": 0, "num_statements": 8, "percent_covered": 0.0, "percent_covered_display": "0", "missing_lines": 8, "excluded_lines": 0, "percent_statements_covered": 0.0, "percent_statements_covered_display": "0"}, "missing_lines": [227, 228, 232, 233, 234, 235, 236, 237], "excluded_lines": [], "start_line": 214}, "safe_get": {"executed_lines": [], "summary": {"covered_lines": 0, "num_statements": 8, "percent_covered": 0.0, "percent_covered_display": "0", "missing_lines": 8, "excluded_lines": 0, "percent_statements_covered": 0.0, "percent_statements_covered_display": "0"}, "missing_lines": [260, 261, 262, 263, 265, 266, 267, 268], "excluded_lines": [], "start_line": 249}, "clamp": {"executed_lines": [], "summary": {"covered_lines": 0, "num_statements": 5, "percent_covered": 0.0, "percent_covered_display": "0", "missing_lines": 5, "excluded_lines": 0, "percent_statements_covered": 0.0, "percent_statements_covered_display": "0"}, "missing_lines": [273, 274, 275, 276, 277], "excluded_lines": [], "start_line": 271}, "": {"executed_lines": [], "summary": {"covered_lines": 0, "num_statements": 18, "percent_covered": 0.0, "percent_covered_display": "0", "missing_lines": 18, "excluded_lines": 0, "percent_statements_covered": 0.0, "percent_statements_covered_display": "0"}, "missing_lines": [5, 7, 8, 9, 10, 11, 12, 14, 21, 41, 77, 125, 147, 177, 206, 214, 249, 271], "excluded_lines": [], "start_line": 1}}, "classes": {"": {"executed_lines": [], "summary": {"covered_lines": 0, "num_statements": 100, "percent_covered": 0.0, "percent_covered_display": "0", "missing_lines": 100, "excluded_lines": 0, "percent_statements_covered": 0.0, "percent_statements_covered_display": "0"}, "missing_lines": [5, 7, 8, 9, 10, 11, 12, 14, 21, 30, 31, 32, 33, 41, 55, 56, 58, 59, 60, 66, 68, 69, 77, 90, 91, 92, 94, 95, 96, 98, 99, 100, 102, 104, 105, 106, 108, 109, 110, 111, 112, 114, 115, 116, 117, 125, 135, 136, 137, 138, 139, 147, 156, 157, 158, 159, 160, 161, 162, 163, 164, 165, 166, 167, 168, 169, 177, 190, 192, 193, 195, 196, 197, 198, 199, 206, 214, 227, 228, 232, 233, 234, 235, 236, 237, 249, 260, 261, 262, 263, 265, 266, 267, 268, 271, 273, 274, 275, 276, 277], "excluded_lines": [], "start_line": 1}}}}, "totals": {"covered_lines": 1281, "num_statements": 1724, "percent_covered": 74.30394431554524, "percent_covered_display": "74", "missing_lines": 443, "excluded_lines": 11, "percent_statements_covered": 74.30394431554524, "percent_statements_covered_display": "74"}}